Welcome to Advent of Code 2025 - Day 2 - Puzzle 1

1-14
11: 1 - 1 - Invalid

46452718-46482242
46454645: 4645 - 4645 - Invalid
46464646: 4646 - 4646 - Invalid
46474647: 4647 - 4647 - Invalid

16-35
22: 2 - 2 - Invalid
33: 3 - 3 - Invalid

92506028-92574540
92509250: 9250 - 9250 - Invalid
92519251: 9251 - 9251 - Invalid
92529252: 9252 - 9252 - Invalid
92539253: 9253 - 9253 - Invalid
92549254: 9254 - 9254 - Invalid
92559255: 9255 - 9255 - Invalid
92569256: 9256 - 9256 - Invalid

1515128146-1515174322

56453-79759

74-94
77: 7 - 7 - Invalid
88: 8 - 8 - Invalid

798-971

49-66
55: 5 - 5 - Invalid
66: 6 - 6 - Invalid

601-752

3428-4981
3434: 34 - 34 - Invalid
3535: 35 - 35 - Invalid
3636: 36 - 36 - Invalid
3737: 37 - 37 - Invalid
3838: 38 - 38 - Invalid
3939: 39 - 39 - Invalid
4040: 40 - 40 - Invalid
4141: 41 - 41 - Invalid
4242: 42 - 42 - Invalid
4343: 43 - 43 - Invalid
4444: 44 - 44 - Invalid
4545: 45 - 45 - Invalid
4646: 46 - 46 - Invalid
4747: 47 - 47 - Invalid
4848: 48 - 48 - Invalid
4949: 49 - 49 - Invalid

511505-565011
511511: 511 - 511 - Invalid
512512: 512 - 512 - Invalid
513513: 513 - 513 - Invalid
514514: 514 - 514 - Invalid
515515: 515 - 515 - Invalid
516516: 516 - 516 - Invalid
517517: 517 - 517 - Invalid
518518: 518 - 518 - Invalid
519519: 519 - 519 - Invalid
520520: 520 - 520 - Invalid
521521: 521 - 521 - Invalid
522522: 522 - 522 - Invalid
523523: 523 - 523 - Invalid
524524: 524 - 524 - Invalid
525525: 525 - 525 - Invalid
526526: 526 - 526 - Invalid
527527: 527 - 527 - Invalid
528528: 528 - 528 - Invalid
529529: 529 - 529 - Invalid
530530: 530 - 530 - Invalid
531531: 531 - 531 - Invalid
532532: 532 - 532 - Invalid
533533: 533 - 533 - Invalid
534534: 534 - 534 - Invalid
535535: 535 - 535 - Invalid
536536: 536 - 536 - Invalid
537537: 537 - 537 - Invalid
538538: 538 - 538 - Invalid
539539: 539 - 539 - Invalid
540540: 540 - 540 - Invalid
541541: 541 - 541 - Invalid
542542: 542 - 542 - Invalid
543543: 543 - 543 - Invalid
544544: 544 - 544 - Invalid
545545: 545 - 545 - Invalid
546546: 546 - 546 - Invalid
547547: 547 - 547 - Invalid
548548: 548 - 548 - Invalid
549549: 549 - 549 - Invalid
550550: 550 - 550 - Invalid
551551: 551 - 551 - Invalid
552552: 552 - 552 - Invalid
553553: 553 - 553 - Invalid
554554: 554 - 554 - Invalid
555555: 555 - 555 - Invalid
556556: 556 - 556 - Invalid
557557: 557 - 557 - Invalid
558558: 558 - 558 - Invalid
559559: 559 - 559 - Invalid
560560: 560 - 560 - Invalid
561561: 561 - 561 - Invalid
562562: 562 - 562 - Invalid
563563: 563 - 563 - Invalid
564564: 564 - 564 - Invalid

421819-510058
422422: 422 - 422 - Invalid
423423: 423 - 423 - Invalid
424424: 424 - 424 - Invalid
425425: 425 - 425 - Invalid
426426: 426 - 426 - Invalid
427427: 427 - 427 - Invalid
428428: 428 - 428 - Invalid
429429: 429 - 429 - Invalid
430430: 430 - 430 - Invalid
431431: 431 - 431 - Invalid
432432: 432 - 432 - Invalid
433433: 433 - 433 - Invalid
434434: 434 - 434 - Invalid
435435: 435 - 435 - Invalid
436436: 436 - 436 - Invalid
437437: 437 - 437 - Invalid
438438: 438 - 438 - Invalid
439439: 439 - 439 - Invalid
440440: 440 - 440 - Invalid
441441: 441 - 441 - Invalid
442442: 442 - 442 - Invalid
443443: 443 - 443 - Invalid
444444: 444 - 444 - Invalid
445445: 445 - 445 - Invalid
446446: 446 - 446 - Invalid
447447: 447 - 447 - Invalid
448448: 448 - 448 - Invalid
449449: 449 - 449 - Invalid
450450: 450 - 450 - Invalid
451451: 451 - 451 - Invalid
452452: 452 - 452 - Invalid
453453: 453 - 453 - Invalid
454454: 454 - 454 - Invalid
455455: 455 - 455 - Invalid
456456: 456 - 456 - Invalid
457457: 457 - 457 - Invalid
458458: 458 - 458 - Invalid
459459: 459 - 459 - Invalid
460460: 460 - 460 - Invalid
461461: 461 - 461 - Invalid
462462: 462 - 462 - Invalid
463463: 463 - 463 - Invalid
464464: 464 - 464 - Invalid
465465: 465 - 465 - Invalid
466466: 466 - 466 - Invalid
467467: 467 - 467 - Invalid
468468: 468 - 468 - Invalid
469469: 469 - 469 - Invalid
470470: 470 - 470 - Invalid
471471: 471 - 471 - Invalid
472472: 472 - 472 - Invalid
473473: 473 - 473 - Invalid
474474: 474 - 474 - Invalid
475475: 475 - 475 - Invalid
476476: 476 - 476 - Invalid
477477: 477 - 477 - Invalid
478478: 478 - 478 - Invalid
479479: 479 - 479 - Invalid
480480: 480 - 480 - Invalid
481481: 481 - 481 - Invalid
482482: 482 - 482 - Invalid
483483: 483 - 483 - Invalid
484484: 484 - 484 - Invalid
485485: 485 - 485 - Invalid
486486: 486 - 486 - Invalid
487487: 487 - 487 - Invalid
488488: 488 - 488 - Invalid
489489: 489 - 489 - Invalid
490490: 490 - 490 - Invalid
491491: 491 - 491 - Invalid
492492: 492 - 492 - Invalid
493493: 493 - 493 - Invalid
494494: 494 - 494 - Invalid
495495: 495 - 495 - Invalid
496496: 496 - 496 - Invalid
497497: 497 - 497 - Invalid
498498: 498 - 498 - Invalid
499499: 499 - 499 - Invalid
500500: 500 - 500 - Invalid
501501: 501 - 501 - Invalid
502502: 502 - 502 - Invalid
503503: 503 - 503 - Invalid
504504: 504 - 504 - Invalid
505505: 505 - 505 - Invalid
506506: 506 - 506 - Invalid
507507: 507 - 507 - Invalid
508508: 508 - 508 - Invalid
509509: 509 - 509 - Invalid

877942-901121
878878: 878 - 878 - Invalid
879879: 879 - 879 - Invalid
880880: 880 - 880 - Invalid
881881: 881 - 881 - Invalid
882882: 882 - 882 - Invalid
883883: 883 - 883 - Invalid
884884: 884 - 884 - Invalid
885885: 885 - 885 - Invalid
886886: 886 - 886 - Invalid
887887: 887 - 887 - Invalid
888888: 888 - 888 - Invalid
889889: 889 - 889 - Invalid
890890: 890 - 890 - Invalid
891891: 891 - 891 - Invalid
892892: 892 - 892 - Invalid
893893: 893 - 893 - Invalid
894894: 894 - 894 - Invalid
895895: 895 - 895 - Invalid
896896: 896 - 896 - Invalid
897897: 897 - 897 - Invalid
898898: 898 - 898 - Invalid
899899: 899 - 899 - Invalid
900900: 900 - 900 - Invalid

39978-50500

9494916094-9494978970

7432846301-7432888696
7432874328: 74328 - 74328 - Invalid

204-252

908772-990423
908908: 908 - 908 - Invalid
909909: 909 - 909 - Invalid
910910: 910 - 910 - Invalid
911911: 911 - 911 - Invalid
912912: 912 - 912 - Invalid
913913: 913 - 913 - Invalid
914914: 914 - 914 - Invalid
915915: 915 - 915 - Invalid
916916: 916 - 916 - Invalid
917917: 917 - 917 - Invalid
918918: 918 - 918 - Invalid
919919: 919 - 919 - Invalid
920920: 920 - 920 - Invalid
921921: 921 - 921 - Invalid
922922: 922 - 922 - Invalid
923923: 923 - 923 - Invalid
924924: 924 - 924 - Invalid
925925: 925 - 925 - Invalid
926926: 926 - 926 - Invalid
927927: 927 - 927 - Invalid
928928: 928 - 928 - Invalid
929929: 929 - 929 - Invalid
930930: 930 - 930 - Invalid
931931: 931 - 931 - Invalid
932932: 932 - 932 - Invalid
933933: 933 - 933 - Invalid
934934: 934 - 934 - Invalid
935935: 935 - 935 - Invalid
936936: 936 - 936 - Invalid
937937: 937 - 937 - Invalid
938938: 938 - 938 - Invalid
939939: 939 - 939 - Invalid
940940: 940 - 940 - Invalid
941941: 941 - 941 - Invalid
942942: 942 - 942 - Invalid
943943: 943 - 943 - Invalid
944944: 944 - 944 - Invalid
945945: 945 - 945 - Invalid
946946: 946 - 946 - Invalid
947947: 947 - 947 - Invalid
948948: 948 - 948 - Invalid
949949: 949 - 949 - Invalid
950950: 950 - 950 - Invalid
951951: 951 - 951 - Invalid
952952: 952 - 952 - Invalid
953953: 953 - 953 - Invalid
954954: 954 - 954 - Invalid
955955: 955 - 955 - Invalid
956956: 956 - 956 - Invalid
957957: 957 - 957 - Invalid
958958: 958 - 958 - Invalid
959959: 959 - 959 - Invalid
960960: 960 - 960 - Invalid
961961: 961 - 961 - Invalid
962962: 962 - 962 - Invalid
963963: 963 - 963 - Invalid
964964: 964 - 964 - Invalid
965965: 965 - 965 - Invalid
966966: 966 - 966 - Invalid
967967: 967 - 967 - Invalid
968968: 968 - 968 - Invalid
969969: 969 - 969 - Invalid
970970: 970 - 970 - Invalid
971971: 971 - 971 - Invalid
972972: 972 - 972 - Invalid
973973: 973 - 973 - Invalid
974974: 974 - 974 - Invalid
975975: 975 - 975 - Invalid
976976: 976 - 976 - Invalid
977977: 977 - 977 - Invalid
978978: 978 - 978 - Invalid
979979: 979 - 979 - Invalid
980980: 980 - 980 - Invalid
981981: 981 - 981 - Invalid
982982: 982 - 982 - Invalid
983983: 983 - 983 - Invalid
984984: 984 - 984 - Invalid
985985: 985 - 985 - Invalid
986986: 986 - 986 - Invalid
987987: 987 - 987 - Invalid
988988: 988 - 988 - Invalid
989989: 989 - 989 - Invalid

21425-25165

1030-1285
1111: 11 - 11 - Invalid
1212: 12 - 12 - Invalid

7685-9644
7777: 77 - 77 - Invalid
7878: 78 - 78 - Invalid
7979: 79 - 79 - Invalid
8080: 80 - 80 - Invalid
8181: 81 - 81 - Invalid
8282: 82 - 82 - Invalid
8383: 83 - 83 - Invalid
8484: 84 - 84 - Invalid
8585: 85 - 85 - Invalid
8686: 86 - 86 - Invalid
8787: 87 - 87 - Invalid
8888: 88 - 88 - Invalid
8989: 89 - 89 - Invalid
9090: 90 - 90 - Invalid
9191: 91 - 91 - Invalid
9292: 92 - 92 - Invalid
9393: 93 - 93 - Invalid
9494: 94 - 94 - Invalid
9595: 95 - 95 - Invalid

419-568

474396757-474518094

5252506279-5252546898

4399342-4505058

311262290-311393585

1895-2772
1919: 19 - 19 - Invalid
2020: 20 - 20 - Invalid
2121: 21 - 21 - Invalid
2222: 22 - 22 - Invalid
2323: 23 - 23 - Invalid
2424: 24 - 24 - Invalid
2525: 25 - 25 - Invalid
2626: 26 - 26 - Invalid
2727: 27 - 27 - Invalid

110695-150992
111111: 111 - 111 - Invalid
112112: 112 - 112 - Invalid
113113: 113 - 113 - Invalid
114114: 114 - 114 - Invalid
115115: 115 - 115 - Invalid
116116: 116 - 116 - Invalid
117117: 117 - 117 - Invalid
118118: 118 - 118 - Invalid
119119: 119 - 119 - Invalid
120120: 120 - 120 - Invalid
121121: 121 - 121 - Invalid
122122: 122 - 122 - Invalid
123123: 123 - 123 - Invalid
124124: 124 - 124 - Invalid
125125: 125 - 125 - Invalid
126126: 126 - 126 - Invalid
127127: 127 - 127 - Invalid
128128: 128 - 128 - Invalid
129129: 129 - 129 - Invalid
130130: 130 - 130 - Invalid
131131: 131 - 131 - Invalid
132132: 132 - 132 - Invalid
133133: 133 - 133 - Invalid
134134: 134 - 134 - Invalid
135135: 135 - 135 - Invalid
136136: 136 - 136 - Invalid
137137: 137 - 137 - Invalid
138138: 138 - 138 - Invalid
139139: 139 - 139 - Invalid
140140: 140 - 140 - Invalid
141141: 141 - 141 - Invalid
142142: 142 - 142 - Invalid
143143: 143 - 143 - Invalid
144144: 144 - 144 - Invalid
145145: 145 - 145 - Invalid
146146: 146 - 146 - Invalid
147147: 147 - 147 - Invalid
148148: 148 - 148 - Invalid
149149: 149 - 149 - Invalid
150150: 150 - 150 - Invalid

567521-773338
567567: 567 - 567 - Invalid
568568: 568 - 568 - Invalid
569569: 569 - 569 - Invalid
570570: 570 - 570 - Invalid
571571: 571 - 571 - Invalid
572572: 572 - 572 - Invalid
573573: 573 - 573 - Invalid
574574: 574 - 574 - Invalid
575575: 575 - 575 - Invalid
576576: 576 - 576 - Invalid
577577: 577 - 577 - Invalid
578578: 578 - 578 - Invalid
579579: 579 - 579 - Invalid
580580: 580 - 580 - Invalid
581581: 581 - 581 - Invalid
582582: 582 - 582 - Invalid
583583: 583 - 583 - Invalid
584584: 584 - 584 - Invalid
585585: 585 - 585 - Invalid
586586: 586 - 586 - Invalid
587587: 587 - 587 - Invalid
588588: 588 - 588 - Invalid
589589: 589 - 589 - Invalid
590590: 590 - 590 - Invalid
591591: 591 - 591 - Invalid
592592: 592 - 592 - Invalid
593593: 593 - 593 - Invalid
594594: 594 - 594 - Invalid
595595: 595 - 595 - Invalid
596596: 596 - 596 - Invalid
597597: 597 - 597 - Invalid
598598: 598 - 598 - Invalid
599599: 599 - 599 - Invalid
600600: 600 - 600 - Invalid
601601: 601 - 601 - Invalid
602602: 602 - 602 - Invalid
603603: 603 - 603 - Invalid
604604: 604 - 604 - Invalid
605605: 605 - 605 - Invalid
606606: 606 - 606 - Invalid
607607: 607 - 607 - Invalid
608608: 608 - 608 - Invalid
609609: 609 - 609 - Invalid
610610: 610 - 610 - Invalid
611611: 611 - 611 - Invalid
612612: 612 - 612 - Invalid
613613: 613 - 613 - Invalid
614614: 614 - 614 - Invalid
615615: 615 - 615 - Invalid
616616: 616 - 616 - Invalid
617617: 617 - 617 - Invalid
618618: 618 - 618 - Invalid
619619: 619 - 619 - Invalid
620620: 620 - 620 - Invalid
621621: 621 - 621 - Invalid
622622: 622 - 622 - Invalid
623623: 623 - 623 - Invalid
624624: 624 - 624 - Invalid
625625: 625 - 625 - Invalid
626626: 626 - 626 - Invalid
627627: 627 - 627 - Invalid
628628: 628 - 628 - Invalid
629629: 629 - 629 - Invalid
630630: 630 - 630 - Invalid
631631: 631 - 631 - Invalid
632632: 632 - 632 - Invalid
633633: 633 - 633 - Invalid
634634: 634 - 634 - Invalid
635635: 635 - 635 - Invalid
636636: 636 - 636 - Invalid
637637: 637 - 637 - Invalid
638638: 638 - 638 - Invalid
639639: 639 - 639 - Invalid
640640: 640 - 640 - Invalid
641641: 641 - 641 - Invalid
642642: 642 - 642 - Invalid
643643: 643 - 643 - Invalid
644644: 644 - 644 - Invalid
645645: 645 - 645 - Invalid
646646: 646 - 646 - Invalid
647647: 647 - 647 - Invalid
648648: 648 - 648 - Invalid
649649: 649 - 649 - Invalid
650650: 650 - 650 - Invalid
651651: 651 - 651 - Invalid
652652: 652 - 652 - Invalid
653653: 653 - 653 - Invalid
654654: 654 - 654 - Invalid
655655: 655 - 655 - Invalid
656656: 656 - 656 - Invalid
657657: 657 - 657 - Invalid
658658: 658 - 658 - Invalid
659659: 659 - 659 - Invalid
660660: 660 - 660 - Invalid
661661: 661 - 661 - Invalid
662662: 662 - 662 - Invalid
663663: 663 - 663 - Invalid
664664: 664 - 664 - Invalid
665665: 665 - 665 - Invalid
666666: 666 - 666 - Invalid
667667: 667 - 667 - Invalid
668668: 668 - 668 - Invalid
669669: 669 - 669 - Invalid
670670: 670 - 670 - Invalid
671671: 671 - 671 - Invalid
672672: 672 - 672 - Invalid
673673: 673 - 673 - Invalid
674674: 674 - 674 - Invalid
675675: 675 - 675 - Invalid
676676: 676 - 676 - Invalid
677677: 677 - 677 - Invalid
678678: 678 - 678 - Invalid
679679: 679 - 679 - Invalid
680680: 680 - 680 - Invalid
681681: 681 - 681 - Invalid
682682: 682 - 682 - Invalid
683683: 683 - 683 - Invalid
684684: 684 - 684 - Invalid
685685: 685 - 685 - Invalid
686686: 686 - 686 - Invalid
687687: 687 - 687 - Invalid
688688: 688 - 688 - Invalid
689689: 689 - 689 - Invalid
690690: 690 - 690 - Invalid
691691: 691 - 691 - Invalid
692692: 692 - 692 - Invalid
693693: 693 - 693 - Invalid
694694: 694 - 694 - Invalid
695695: 695 - 695 - Invalid
696696: 696 - 696 - Invalid
697697: 697 - 697 - Invalid
698698: 698 - 698 - Invalid
699699: 699 - 699 - Invalid
700700: 700 - 700 - Invalid
701701: 701 - 701 - Invalid
702702: 702 - 702 - Invalid
703703: 703 - 703 - Invalid
704704: 704 - 704 - Invalid
705705: 705 - 705 - Invalid
706706: 706 - 706 - Invalid
707707: 707 - 707 - Invalid
708708: 708 - 708 - Invalid
709709: 709 - 709 - Invalid
710710: 710 - 710 - Invalid
711711: 711 - 711 - Invalid
712712: 712 - 712 - Invalid
713713: 713 - 713 - Invalid
714714: 714 - 714 - Invalid
715715: 715 - 715 - Invalid
716716: 716 - 716 - Invalid
717717: 717 - 717 - Invalid
718718: 718 - 718 - Invalid
719719: 719 - 719 - Invalid
720720: 720 - 720 - Invalid
721721: 721 - 721 - Invalid
722722: 722 - 722 - Invalid
723723: 723 - 723 - Invalid
724724: 724 - 724 - Invalid
725725: 725 - 725 - Invalid
726726: 726 - 726 - Invalid
727727: 727 - 727 - Invalid
728728: 728 - 728 - Invalid
729729: 729 - 729 - Invalid
730730: 730 - 730 - Invalid
731731: 731 - 731 - Invalid
732732: 732 - 732 - Invalid
733733: 733 - 733 - Invalid
734734: 734 - 734 - Invalid
735735: 735 - 735 - Invalid
736736: 736 - 736 - Invalid
737737: 737 - 737 - Invalid
738738: 738 - 738 - Invalid
739739: 739 - 739 - Invalid
740740: 740 - 740 - Invalid
741741: 741 - 741 - Invalid
742742: 742 - 742 - Invalid
743743: 743 - 743 - Invalid
744744: 744 - 744 - Invalid
745745: 745 - 745 - Invalid
746746: 746 - 746 - Invalid
747747: 747 - 747 - Invalid
748748: 748 - 748 - Invalid
749749: 749 - 749 - Invalid
750750: 750 - 750 - Invalid
751751: 751 - 751 - Invalid
752752: 752 - 752 - Invalid
753753: 753 - 753 - Invalid
754754: 754 - 754 - Invalid
755755: 755 - 755 - Invalid
756756: 756 - 756 - Invalid
757757: 757 - 757 - Invalid
758758: 758 - 758 - Invalid
759759: 759 - 759 - Invalid
760760: 760 - 760 - Invalid
761761: 761 - 761 - Invalid
762762: 762 - 762 - Invalid
763763: 763 - 763 - Invalid
764764: 764 - 764 - Invalid
765765: 765 - 765 - Invalid
766766: 766 - 766 - Invalid
767767: 767 - 767 - Invalid
768768: 768 - 768 - Invalid
769769: 769 - 769 - Invalid
770770: 770 - 770 - Invalid
771771: 771 - 771 - Invalid
772772: 772 - 772 - Invalid

277531-375437
278278: 278 - 278 - Invalid
279279: 279 - 279 - Invalid
280280: 280 - 280 - Invalid
281281: 281 - 281 - Invalid
282282: 282 - 282 - Invalid
283283: 283 - 283 - Invalid
284284: 284 - 284 - Invalid
285285: 285 - 285 - Invalid
286286: 286 - 286 - Invalid
287287: 287 - 287 - Invalid
288288: 288 - 288 - Invalid
289289: 289 - 289 - Invalid
290290: 290 - 290 - Invalid
291291: 291 - 291 - Invalid
292292: 292 - 292 - Invalid
293293: 293 - 293 - Invalid
294294: 294 - 294 - Invalid
295295: 295 - 295 - Invalid
296296: 296 - 296 - Invalid
297297: 297 - 297 - Invalid
298298: 298 - 298 - Invalid
299299: 299 - 299 - Invalid
300300: 300 - 300 - Invalid
301301: 301 - 301 - Invalid
302302: 302 - 302 - Invalid
303303: 303 - 303 - Invalid
304304: 304 - 304 - Invalid
305305: 305 - 305 - Invalid
306306: 306 - 306 - Invalid
307307: 307 - 307 - Invalid
308308: 308 - 308 - Invalid
309309: 309 - 309 - Invalid
310310: 310 - 310 - Invalid
311311: 311 - 311 - Invalid
312312: 312 - 312 - Invalid
313313: 313 - 313 - Invalid
314314: 314 - 314 - Invalid
315315: 315 - 315 - Invalid
316316: 316 - 316 - Invalid
317317: 317 - 317 - Invalid
318318: 318 - 318 - Invalid
319319: 319 - 319 - Invalid
320320: 320 - 320 - Invalid
321321: 321 - 321 - Invalid
322322: 322 - 322 - Invalid
323323: 323 - 323 - Invalid
324324: 324 - 324 - Invalid
325325: 325 - 325 - Invalid
326326: 326 - 326 - Invalid
327327: 327 - 327 - Invalid
328328: 328 - 328 - Invalid
329329: 329 - 329 - Invalid
330330: 330 - 330 - Invalid
331331: 331 - 331 - Invalid
332332: 332 - 332 - Invalid
333333: 333 - 333 - Invalid
334334: 334 - 334 - Invalid
335335: 335 - 335 - Invalid
336336: 336 - 336 - Invalid
337337: 337 - 337 - Invalid
338338: 338 - 338 - Invalid
339339: 339 - 339 - Invalid
340340: 340 - 340 - Invalid
341341: 341 - 341 - Invalid
342342: 342 - 342 - Invalid
343343: 343 - 343 - Invalid
344344: 344 - 344 - Invalid
345345: 345 - 345 - Invalid
346346: 346 - 346 - Invalid
347347: 347 - 347 - Invalid
348348: 348 - 348 - Invalid
349349: 349 - 349 - Invalid
350350: 350 - 350 - Invalid
351351: 351 - 351 - Invalid
352352: 352 - 352 - Invalid
353353: 353 - 353 - Invalid
354354: 354 - 354 - Invalid
355355: 355 - 355 - Invalid
356356: 356 - 356 - Invalid
357357: 357 - 357 - Invalid
358358: 358 - 358 - Invalid
359359: 359 - 359 - Invalid
360360: 360 - 360 - Invalid
361361: 361 - 361 - Invalid
362362: 362 - 362 - Invalid
363363: 363 - 363 - Invalid
364364: 364 - 364 - Invalid
365365: 365 - 365 - Invalid
366366: 366 - 366 - Invalid
367367: 367 - 367 - Invalid
368368: 368 - 368 - Invalid
369369: 369 - 369 - Invalid
370370: 370 - 370 - Invalid
371371: 371 - 371 - Invalid
372372: 372 - 372 - Invalid
373373: 373 - 373 - Invalid
374374: 374 - 374 - Invalid
375375: 375 - 375 - Invalid

284-364

217936-270837
218218: 218 - 218 - Invalid
219219: 219 - 219 - Invalid
220220: 220 - 220 - Invalid
221221: 221 - 221 - Invalid
222222: 222 - 222 - Invalid
223223: 223 - 223 - Invalid
224224: 224 - 224 - Invalid
225225: 225 - 225 - Invalid
226226: 226 - 226 - Invalid
227227: 227 - 227 - Invalid
228228: 228 - 228 - Invalid
229229: 229 - 229 - Invalid
230230: 230 - 230 - Invalid
231231: 231 - 231 - Invalid
232232: 232 - 232 - Invalid
233233: 233 - 233 - Invalid
234234: 234 - 234 - Invalid
235235: 235 - 235 - Invalid
236236: 236 - 236 - Invalid
237237: 237 - 237 - Invalid
238238: 238 - 238 - Invalid
239239: 239 - 239 - Invalid
240240: 240 - 240 - Invalid
241241: 241 - 241 - Invalid
242242: 242 - 242 - Invalid
243243: 243 - 243 - Invalid
244244: 244 - 244 - Invalid
245245: 245 - 245 - Invalid
246246: 246 - 246 - Invalid
247247: 247 - 247 - Invalid
248248: 248 - 248 - Invalid
249249: 249 - 249 - Invalid
250250: 250 - 250 - Invalid
251251: 251 - 251 - Invalid
252252: 252 - 252 - Invalid
253253: 253 - 253 - Invalid
254254: 254 - 254 - Invalid
255255: 255 - 255 - Invalid
256256: 256 - 256 - Invalid
257257: 257 - 257 - Invalid
258258: 258 - 258 - Invalid
259259: 259 - 259 - Invalid
260260: 260 - 260 - Invalid
261261: 261 - 261 - Invalid
262262: 262 - 262 - Invalid
263263: 263 - 263 - Invalid
264264: 264 - 264 - Invalid
265265: 265 - 265 - Invalid
266266: 266 - 266 - Invalid
267267: 267 - 267 - Invalid
268268: 268 - 268 - Invalid
269269: 269 - 269 - Invalid
270270: 270 - 270 - Invalid

3365257-3426031

29828-36350

end
Final answer: 8576933996
