Welcome to Advent of Code 2025 - Day 2 - Puzzle 2

1-14
11 - Invalid

46452718-46482242
46454645 - Invalid
46464646 - Invalid
46474647 - Invalid

16-35
22 - Invalid
33 - Invalid

92506028-92574540
92509250 - Invalid
92519251 - Invalid
92529252 - Invalid
92539253 - Invalid
92549254 - Invalid
92559255 - Invalid
92569256 - Invalid

1515128146-1515174322
1515151515 - Invalid

56453-79759
66666 - Invalid
77777 - Invalid

74-94
77 - Invalid
88 - Invalid

798-971
888 - Invalid

49-66
55 - Invalid
66 - Invalid

601-752
666 - Invalid

3428-4981
3434 - Invalid
3535 - Invalid
3636 - Invalid
3737 - Invalid
3838 - Invalid
3939 - Invalid
4040 - Invalid
4141 - Invalid
4242 - Invalid
4343 - Invalid
4444 - Invalid
4545 - Invalid
4646 - Invalid
4747 - Invalid
4848 - Invalid
4949 - Invalid

511505-565011
511511 - Invalid
512512 - Invalid
513513 - Invalid
514514 - Invalid
515151 - Invalid
515515 - Invalid
516516 - Invalid
517517 - Invalid
518518 - Invalid
519519 - Invalid
520520 - Invalid
521521 - Invalid
522522 - Invalid
523523 - Invalid
524524 - Invalid
525252 - Invalid
525525 - Invalid
526526 - Invalid
527527 - Invalid
528528 - Invalid
529529 - Invalid
530530 - Invalid
531531 - Invalid
532532 - Invalid
533533 - Invalid
534534 - Invalid
535353 - Invalid
535535 - Invalid
536536 - Invalid
537537 - Invalid
538538 - Invalid
539539 - Invalid
540540 - Invalid
541541 - Invalid
542542 - Invalid
543543 - Invalid
544544 - Invalid
545454 - Invalid
545545 - Invalid
546546 - Invalid
547547 - Invalid
548548 - Invalid
549549 - Invalid
550550 - Invalid
551551 - Invalid
552552 - Invalid
553553 - Invalid
554554 - Invalid
555555 - Invalid
556556 - Invalid
557557 - Invalid
558558 - Invalid
559559 - Invalid
560560 - Invalid
561561 - Invalid
562562 - Invalid
563563 - Invalid
564564 - Invalid

421819-510058
422422 - Invalid
423423 - Invalid
424242 - Invalid
424424 - Invalid
425425 - Invalid
426426 - Invalid
427427 - Invalid
428428 - Invalid
429429 - Invalid
430430 - Invalid
431431 - Invalid
432432 - Invalid
433433 - Invalid
434343 - Invalid
434434 - Invalid
435435 - Invalid
436436 - Invalid
437437 - Invalid
438438 - Invalid
439439 - Invalid
440440 - Invalid
441441 - Invalid
442442 - Invalid
443443 - Invalid
444444 - Invalid
445445 - Invalid
446446 - Invalid
447447 - Invalid
448448 - Invalid
449449 - Invalid
450450 - Invalid
451451 - Invalid
452452 - Invalid
453453 - Invalid
454454 - Invalid
454545 - Invalid
455455 - Invalid
456456 - Invalid
457457 - Invalid
458458 - Invalid
459459 - Invalid
460460 - Invalid
461461 - Invalid
462462 - Invalid
463463 - Invalid
464464 - Invalid
464646 - Invalid
465465 - Invalid
466466 - Invalid
467467 - Invalid
468468 - Invalid
469469 - Invalid
470470 - Invalid
471471 - Invalid
472472 - Invalid
473473 - Invalid
474474 - Invalid
474747 - Invalid
475475 - Invalid
476476 - Invalid
477477 - Invalid
478478 - Invalid
479479 - Invalid
480480 - Invalid
481481 - Invalid
482482 - Invalid
483483 - Invalid
484484 - Invalid
484848 - Invalid
485485 - Invalid
486486 - Invalid
487487 - Invalid
488488 - Invalid
489489 - Invalid
490490 - Invalid
491491 - Invalid
492492 - Invalid
493493 - Invalid
494494 - Invalid
494949 - Invalid
495495 - Invalid
496496 - Invalid
497497 - Invalid
498498 - Invalid
499499 - Invalid
500500 - Invalid
501501 - Invalid
502502 - Invalid
503503 - Invalid
504504 - Invalid
505050 - Invalid
505505 - Invalid
506506 - Invalid
507507 - Invalid
508508 - Invalid
509509 - Invalid

877942-901121
878787 - Invalid
878878 - Invalid
879879 - Invalid
880880 - Invalid
881881 - Invalid
882882 - Invalid
883883 - Invalid
884884 - Invalid
885885 - Invalid
886886 - Invalid
887887 - Invalid
888888 - Invalid
889889 - Invalid
890890 - Invalid
891891 - Invalid
892892 - Invalid
893893 - Invalid
894894 - Invalid
895895 - Invalid
896896 - Invalid
897897 - Invalid
898898 - Invalid
898989 - Invalid
899899 - Invalid
900900 - Invalid

39978-50500
44444 - Invalid

9494916094-9494978970
9494949494 - Invalid

7432846301-7432888696
7432874328 - Invalid

204-252
222 - Invalid

908772-990423
908908 - Invalid
909090 - Invalid
909909 - Invalid
910910 - Invalid
911911 - Invalid
912912 - Invalid
913913 - Invalid
914914 - Invalid
915915 - Invalid
916916 - Invalid
917917 - Invalid
918918 - Invalid
919191 - Invalid
919919 - Invalid
920920 - Invalid
921921 - Invalid
922922 - Invalid
923923 - Invalid
924924 - Invalid
925925 - Invalid
926926 - Invalid
927927 - Invalid
928928 - Invalid
929292 - Invalid
929929 - Invalid
930930 - Invalid
931931 - Invalid
932932 - Invalid
933933 - Invalid
934934 - Invalid
935935 - Invalid
936936 - Invalid
937937 - Invalid
938938 - Invalid
939393 - Invalid
939939 - Invalid
940940 - Invalid
941941 - Invalid
942942 - Invalid
943943 - Invalid
944944 - Invalid
945945 - Invalid
946946 - Invalid
947947 - Invalid
948948 - Invalid
949494 - Invalid
949949 - Invalid
950950 - Invalid
951951 - Invalid
952952 - Invalid
953953 - Invalid
954954 - Invalid
955955 - Invalid
956956 - Invalid
957957 - Invalid
958958 - Invalid
959595 - Invalid
959959 - Invalid
960960 - Invalid
961961 - Invalid
962962 - Invalid
963963 - Invalid
964964 - Invalid
965965 - Invalid
966966 - Invalid
967967 - Invalid
968968 - Invalid
969696 - Invalid
969969 - Invalid
970970 - Invalid
971971 - Invalid
972972 - Invalid
973973 - Invalid
974974 - Invalid
975975 - Invalid
976976 - Invalid
977977 - Invalid
978978 - Invalid
979797 - Invalid
979979 - Invalid
980980 - Invalid
981981 - Invalid
982982 - Invalid
983983 - Invalid
984984 - Invalid
985985 - Invalid
986986 - Invalid
987987 - Invalid
988988 - Invalid
989898 - Invalid
989989 - Invalid

21425-25165
22222 - Invalid

1030-1285
1111 - Invalid
1212 - Invalid

7685-9644
7777 - Invalid
7878 - Invalid
7979 - Invalid
8080 - Invalid
8181 - Invalid
8282 - Invalid
8383 - Invalid
8484 - Invalid
8585 - Invalid
8686 - Invalid
8787 - Invalid
8888 - Invalid
8989 - Invalid
9090 - Invalid
9191 - Invalid
9292 - Invalid
9393 - Invalid
9494 - Invalid
9595 - Invalid

419-568
444 - Invalid
555 - Invalid

474396757-474518094
474474474 - Invalid

5252506279-5252546898
5252525252 - Invalid

4399342-4505058
4444444 - Invalid

311262290-311393585
311311311 - Invalid

1895-2772
1919 - Invalid
2020 - Invalid
2121 - Invalid
2222 - Invalid
2323 - Invalid
2424 - Invalid
2525 - Invalid
2626 - Invalid
2727 - Invalid

110695-150992
111111 - Invalid
112112 - Invalid
113113 - Invalid
114114 - Invalid
115115 - Invalid
116116 - Invalid
117117 - Invalid
118118 - Invalid
119119 - Invalid
120120 - Invalid
121121 - Invalid
121212 - Invalid
122122 - Invalid
123123 - Invalid
124124 - Invalid
125125 - Invalid
126126 - Invalid
127127 - Invalid
128128 - Invalid
129129 - Invalid
130130 - Invalid
131131 - Invalid
131313 - Invalid
132132 - Invalid
133133 - Invalid
134134 - Invalid
135135 - Invalid
136136 - Invalid
137137 - Invalid
138138 - Invalid
139139 - Invalid
140140 - Invalid
141141 - Invalid
141414 - Invalid
142142 - Invalid
143143 - Invalid
144144 - Invalid
145145 - Invalid
146146 - Invalid
147147 - Invalid
148148 - Invalid
149149 - Invalid
150150 - Invalid

567521-773338
567567 - Invalid
568568 - Invalid
569569 - Invalid
570570 - Invalid
571571 - Invalid
572572 - Invalid
573573 - Invalid
574574 - Invalid
575575 - Invalid
575757 - Invalid
576576 - Invalid
577577 - Invalid
578578 - Invalid
579579 - Invalid
580580 - Invalid
581581 - Invalid
582582 - Invalid
583583 - Invalid
584584 - Invalid
585585 - Invalid
585858 - Invalid
586586 - Invalid
587587 - Invalid
588588 - Invalid
589589 - Invalid
590590 - Invalid
591591 - Invalid
592592 - Invalid
593593 - Invalid
594594 - Invalid
595595 - Invalid
595959 - Invalid
596596 - Invalid
597597 - Invalid
598598 - Invalid
599599 - Invalid
600600 - Invalid
601601 - Invalid
602602 - Invalid
603603 - Invalid
604604 - Invalid
605605 - Invalid
606060 - Invalid
606606 - Invalid
607607 - Invalid
608608 - Invalid
609609 - Invalid
610610 - Invalid
611611 - Invalid
612612 - Invalid
613613 - Invalid
614614 - Invalid
615615 - Invalid
616161 - Invalid
616616 - Invalid
617617 - Invalid
618618 - Invalid
619619 - Invalid
620620 - Invalid
621621 - Invalid
622622 - Invalid
623623 - Invalid
624624 - Invalid
625625 - Invalid
626262 - Invalid
626626 - Invalid
627627 - Invalid
628628 - Invalid
629629 - Invalid
630630 - Invalid
631631 - Invalid
632632 - Invalid
633633 - Invalid
634634 - Invalid
635635 - Invalid
636363 - Invalid
636636 - Invalid
637637 - Invalid
638638 - Invalid
639639 - Invalid
640640 - Invalid
641641 - Invalid
642642 - Invalid
643643 - Invalid
644644 - Invalid
645645 - Invalid
646464 - Invalid
646646 - Invalid
647647 - Invalid
648648 - Invalid
649649 - Invalid
650650 - Invalid
651651 - Invalid
652652 - Invalid
653653 - Invalid
654654 - Invalid
655655 - Invalid
656565 - Invalid
656656 - Invalid
657657 - Invalid
658658 - Invalid
659659 - Invalid
660660 - Invalid
661661 - Invalid
662662 - Invalid
663663 - Invalid
664664 - Invalid
665665 - Invalid
666666 - Invalid
667667 - Invalid
668668 - Invalid
669669 - Invalid
670670 - Invalid
671671 - Invalid
672672 - Invalid
673673 - Invalid
674674 - Invalid
675675 - Invalid
676676 - Invalid
676767 - Invalid
677677 - Invalid
678678 - Invalid
679679 - Invalid
680680 - Invalid
681681 - Invalid
682682 - Invalid
683683 - Invalid
684684 - Invalid
685685 - Invalid
686686 - Invalid
686868 - Invalid
687687 - Invalid
688688 - Invalid
689689 - Invalid
690690 - Invalid
691691 - Invalid
692692 - Invalid
693693 - Invalid
694694 - Invalid
695695 - Invalid
696696 - Invalid
696969 - Invalid
697697 - Invalid
698698 - Invalid
699699 - Invalid
700700 - Invalid
701701 - Invalid
702702 - Invalid
703703 - Invalid
704704 - Invalid
705705 - Invalid
706706 - Invalid
707070 - Invalid
707707 - Invalid
708708 - Invalid
709709 - Invalid
710710 - Invalid
711711 - Invalid
712712 - Invalid
713713 - Invalid
714714 - Invalid
715715 - Invalid
716716 - Invalid
717171 - Invalid
717717 - Invalid
718718 - Invalid
719719 - Invalid
720720 - Invalid
721721 - Invalid
722722 - Invalid
723723 - Invalid
724724 - Invalid
725725 - Invalid
726726 - Invalid
727272 - Invalid
727727 - Invalid
728728 - Invalid
729729 - Invalid
730730 - Invalid
731731 - Invalid
732732 - Invalid
733733 - Invalid
734734 - Invalid
735735 - Invalid
736736 - Invalid
737373 - Invalid
737737 - Invalid
738738 - Invalid
739739 - Invalid
740740 - Invalid
741741 - Invalid
742742 - Invalid
743743 - Invalid
744744 - Invalid
745745 - Invalid
746746 - Invalid
747474 - Invalid
747747 - Invalid
748748 - Invalid
749749 - Invalid
750750 - Invalid
751751 - Invalid
752752 - Invalid
753753 - Invalid
754754 - Invalid
755755 - Invalid
756756 - Invalid
757575 - Invalid
757757 - Invalid
758758 - Invalid
759759 - Invalid
760760 - Invalid
761761 - Invalid
762762 - Invalid
763763 - Invalid
764764 - Invalid
765765 - Invalid
766766 - Invalid
767676 - Invalid
767767 - Invalid
768768 - Invalid
769769 - Invalid
770770 - Invalid
771771 - Invalid
772772 - Invalid

277531-375437
278278 - Invalid
279279 - Invalid
280280 - Invalid
281281 - Invalid
282282 - Invalid
282828 - Invalid
283283 - Invalid
284284 - Invalid
285285 - Invalid
286286 - Invalid
287287 - Invalid
288288 - Invalid
289289 - Invalid
290290 - Invalid
291291 - Invalid
292292 - Invalid
292929 - Invalid
293293 - Invalid
294294 - Invalid
295295 - Invalid
296296 - Invalid
297297 - Invalid
298298 - Invalid
299299 - Invalid
300300 - Invalid
301301 - Invalid
302302 - Invalid
303030 - Invalid
303303 - Invalid
304304 - Invalid
305305 - Invalid
306306 - Invalid
307307 - Invalid
308308 - Invalid
309309 - Invalid
310310 - Invalid
311311 - Invalid
312312 - Invalid
313131 - Invalid
313313 - Invalid
314314 - Invalid
315315 - Invalid
316316 - Invalid
317317 - Invalid
318318 - Invalid
319319 - Invalid
320320 - Invalid
321321 - Invalid
322322 - Invalid
323232 - Invalid
323323 - Invalid
324324 - Invalid
325325 - Invalid
326326 - Invalid
327327 - Invalid
328328 - Invalid
329329 - Invalid
330330 - Invalid
331331 - Invalid
332332 - Invalid
333333 - Invalid
334334 - Invalid
335335 - Invalid
336336 - Invalid
337337 - Invalid
338338 - Invalid
339339 - Invalid
340340 - Invalid
341341 - Invalid
342342 - Invalid
343343 - Invalid
343434 - Invalid
344344 - Invalid
345345 - Invalid
346346 - Invalid
347347 - Invalid
348348 - Invalid
349349 - Invalid
350350 - Invalid
351351 - Invalid
352352 - Invalid
353353 - Invalid
353535 - Invalid
354354 - Invalid
355355 - Invalid
356356 - Invalid
357357 - Invalid
358358 - Invalid
359359 - Invalid
360360 - Invalid
361361 - Invalid
362362 - Invalid
363363 - Invalid
363636 - Invalid
364364 - Invalid
365365 - Invalid
366366 - Invalid
367367 - Invalid
368368 - Invalid
369369 - Invalid
370370 - Invalid
371371 - Invalid
372372 - Invalid
373373 - Invalid
373737 - Invalid
374374 - Invalid
375375 - Invalid

284-364
333 - Invalid

217936-270837
218218 - Invalid
219219 - Invalid
220220 - Invalid
221221 - Invalid
222222 - Invalid
223223 - Invalid
224224 - Invalid
225225 - Invalid
226226 - Invalid
227227 - Invalid
228228 - Invalid
229229 - Invalid
230230 - Invalid
231231 - Invalid
232232 - Invalid
232323 - Invalid
233233 - Invalid
234234 - Invalid
235235 - Invalid
236236 - Invalid
237237 - Invalid
238238 - Invalid
239239 - Invalid
240240 - Invalid
241241 - Invalid
242242 - Invalid
242424 - Invalid
243243 - Invalid
244244 - Invalid
245245 - Invalid
246246 - Invalid
247247 - Invalid
248248 - Invalid
249249 - Invalid
250250 - Invalid
251251 - Invalid
252252 - Invalid
252525 - Invalid
253253 - Invalid
254254 - Invalid
255255 - Invalid
256256 - Invalid
257257 - Invalid
258258 - Invalid
259259 - Invalid
260260 - Invalid
261261 - Invalid
262262 - Invalid
262626 - Invalid
263263 - Invalid
264264 - Invalid
265265 - Invalid
266266 - Invalid
267267 - Invalid
268268 - Invalid
269269 - Invalid
270270 - Invalid

3365257-3426031

29828-36350
33333 - Invalid

end
Final answer: 25663320831
