Welcome to Advent of Code 2025 - Day 03 - Puzzle 1

7351233232223322522345345322222228225558344335123455325352426422353243225281562241322434848323342852
Input = 7351233232223322522345345322222228225558344335123455325352426422353243225281562241322434848323342852
New highest: 73
New highest: 75
New highest: 78
New highest: 82
New highest: 85
New highest: 88

5433445525443544954444443576444458442455326353465134665547447342574645424544275242443465156444215643
Input = 5433445525443544954444443576444458442455326353465134665547447342574645424544275242443465156444215643
New highest: 54
New highest: 55
New highest: 59
New highest: 95
New highest: 97
New highest: 98

2344323254238324344443324333412234342243363246314375326354514244431354834344246137562233387223242853
Input = 2344323254238324344443324333412234342243363246314375326354514244431354834344246137562233387223242853
New highest: 23
New highest: 24
New highest: 25
New highest: 28
New highest: 34
New highest: 35
New highest: 38
New highest: 44
New highest: 45
New highest: 48
New highest: 54
New highest: 58
New highest: 83
New highest: 84
New highest: 86
New highest: 87
New highest: 88

4331233243234124332321224232222322334244422332133222221322231323335323534433623642333331512232233432
Input = 4331233243234124332321224232222322334244422332133222221322231323335323534433623642333331512232233432
New highest: 43
New highest: 44
New highest: 45
New highest: 46
New highest: 53
New highest: 55
New highest: 56
New highest: 62
New highest: 63
New highest: 66

1233323223333253234423353115222332342333122432232133232122232142334334332513246153353423132223343321
Input = 1233323223333253234423353115222332342333122432232133232122232142334334332513246153353423132223343321
New highest: 12
New highest: 13
New highest: 15
New highest: 16
New highest: 23
New highest: 25
New highest: 26
New highest: 33
New highest: 35
New highest: 36
New highest: 53
New highest: 54
New highest: 55
New highest: 56
New highest: 61
New highest: 65

5475443754463456443553623757544552542473236644533515443525753533335455813422441375454516465356431656
Input = 5475443754463456443553623757544552542473236644533515443525753533335455813422441375454516465356431656
New highest: 54
New highest: 57
New highest: 58
New highest: 75
New highest: 77
New highest: 78
New highest: 81
New highest: 83
New highest: 84
New highest: 87

3276322333332353334423643343456353344346332432253323323762333323733333633333636333353413233334554424
Input = 3276322333332353334423643343456353344346332432253323323762333323733333633333636333353413233334554424
New highest: 32
New highest: 37
New highest: 76
New highest: 77

2312222312481252235552224312342146252529326662211733375132422225462424664226716222242225435316534726
Input = 2312222312481252235552224312342146252529326662211733375132422225462424664226716222242225435316534726
New highest: 23
New highest: 24
New highest: 28
New highest: 29
New highest: 31
New highest: 32
New highest: 33
New highest: 34
New highest: 38
New highest: 39
New highest: 48
New highest: 49
New highest: 81
New highest: 82
New highest: 85
New highest: 86
New highest: 89
New highest: 93
New highest: 96
New highest: 97

5647566942478436876464969445631974775545947778858663954749446977584553756576839855679547564255237657
Input = 5647566942478436876464969445631974775545947778858663954749446977584553756576839855679547564255237657
New highest: 56
New highest: 57
New highest: 59
New highest: 64
New highest: 67
New highest: 69
New highest: 75
New highest: 76
New highest: 79
New highest: 94
New highest: 97
New highest: 98
New highest: 99

4244444412141433344433323424434413423444244432524143445324343444345334443254333342231332441216232453
Input = 4244444412141433344433323424434413423444244432524143445324343444345334443254333342231332441216232453
New highest: 42
New highest: 44
New highest: 45
New highest: 46
New highest: 52
New highest: 54
New highest: 55
New highest: 56
New highest: 62
New highest: 63
New highest: 64
New highest: 65

5443446554346664654544444455354344534734466444644324435465424465432332532354454235344543435342453644
Input = 5443446554346664654544444455354344534734466444644324435465424465432332532354454235344543435342453644
New highest: 54
New highest: 56
New highest: 57
New highest: 65
New highest: 66
New highest: 67
New highest: 73
New highest: 74
New highest: 76

6544455236356461335366354531255254443355242635645521555255146456113545536723155522252234543584534422
Input = 6544455236356461335366354531255254443355242635645521555255146456113545536723155522252234543584534422
New highest: 65
New highest: 66
New highest: 67
New highest: 68
New highest: 72
New highest: 73
New highest: 75
New highest: 78
New highest: 84
New highest: 85

2322222221124122252222222212222222223122222222123312222211223222222111222122222322532212122213222242
Input = 2322222221124122252222222212222222223122222222123312222211223222222111222122222322532212122213222242
New highest: 23
New highest: 24
New highest: 25
New highest: 32
New highest: 34
New highest: 35
New highest: 41
New highest: 42
New highest: 45
New highest: 52
New highest: 53
New highest: 55

2232111242252322522242224451439133426512215326244222221652425326222412463476122354223372154222136212
Input = 2232111242252322522242224451439133426512215326244222221652425326222412463476122354223372154222136212
New highest: 22
New highest: 23
New highest: 24
New highest: 25
New highest: 29
New highest: 32
New highest: 34
New highest: 35
New highest: 39
New highest: 42
New highest: 45
New highest: 49
New highest: 52
New highest: 53
New highest: 55
New highest: 59
New highest: 91
New highest: 93
New highest: 94
New highest: 96
New highest: 97

4142224826172737614322257272692678732262146755524451413837432232457622532576238453234431772276232536
Input = 4142224826172737614322257272692678732262146755524451413837432232457622532576238453234431772276232536
New highest: 41
New highest: 44
New highest: 48
New highest: 49
New highest: 82
New highest: 86
New highest: 87
New highest: 89
New highest: 92
New highest: 96
New highest: 97
New highest: 98

6353216344333463332333331333133213334331233334426343334532233245434246423223333233133333135353342332
Input = 6353216344333463332333331333133213334331233334426343334532233245434246423223333233133333135353342332
New highest: 63
New highest: 65
New highest: 66

1323453342343234233123233234233233321732131232321331546642233322323841323333363321334213334253335222
Input = 1323453342343234233123233234233233321732131232321331546642233322323841323333363321334213334253335222
New highest: 13
New highest: 14
New highest: 15
New highest: 17
New highest: 18
New highest: 32
New highest: 33
New highest: 34
New highest: 35
New highest: 37
New highest: 38
New highest: 45
New highest: 47
New highest: 48
New highest: 53
New highest: 54
New highest: 57
New highest: 58
New highest: 73
New highest: 75
New highest: 76
New highest: 78
New highest: 84
New highest: 86

4211441422524221222364232242631222222424242342122222222122432232236333112212242222234415223321323233
Input = 4211441422524221222364232242631222222424242342122222222122432232236333112212242222234415223321323233
New highest: 42
New highest: 44
New highest: 45
New highest: 46
New highest: 52
New highest: 54
New highest: 56
New highest: 64
New highest: 66

5354448594454757396534735446545664463543225335479544554845536645625465645436435355897374475486736299
Input = 5354448594454757396534735446545664463543225335479544554845536645625465645436435355897374475486736299
New highest: 53
New highest: 55
New highest: 58
New highest: 59
New highest: 85
New highest: 89
New highest: 94
New highest: 95
New highest: 97
New highest: 99

9222214122721422222222322222222121361222112222113212221262232521232222222222324322212222221222212221
Input = 9222214122721422222222322222222121361222112222113212221262232521232222222222324322212222221222212221
New highest: 92
New highest: 94
New highest: 97

2231324325523223321243232222322222321535133212225217222232223421523231332222233332221331243122513125
Input = 2231324325523223321243232222322222321535133212225217222232223421523231332222233332221331243122513125
New highest: 22
New highest: 23
New highest: 24
New highest: 25
New highest: 27
New highest: 31
New highest: 33
New highest: 34
New highest: 35
New highest: 37
New highest: 43
New highest: 45
New highest: 47
New highest: 55
New highest: 57
New highest: 72
New highest: 73
New highest: 74
New highest: 75

2213344232553255233322233223912331634323331382432333635523233212315533331223233345245545382532522234
Input = 2213344232553255233322233223912331634323331382432333635523233212315533331223233345245545382532522234
New highest: 22
New highest: 23
New highest: 24
New highest: 25
New highest: 29
New highest: 33
New highest: 34
New highest: 35
New highest: 39
New highest: 44
New highest: 45
New highest: 49
New highest: 55
New highest: 59
New highest: 91
New highest: 92
New highest: 93
New highest: 96
New highest: 98

3544382325444439444743245235339234451763361533432362433334454541344432443274354332315334343153134222
Input = 3544382325444439444743245235339234451763361533432362433334454541344432443274354332315334343153134222
New highest: 35
New highest: 38
New highest: 39
New highest: 54
New highest: 58
New highest: 59
New highest: 82
New highest: 83
New highest: 85
New highest: 89
New highest: 94
New highest: 97
New highest: 99

2223112231142222222232334321222323321332122133222222322222231123322234222243523242221215432212422221
Input = 2223112231142222222232334321222323321332122133222222322222231123322234222243523242221215432212422221
New highest: 22
New highest: 23
New highest: 24
New highest: 25
New highest: 31
New highest: 32
New highest: 33
New highest: 34
New highest: 35
New highest: 42
New highest: 43
New highest: 44
New highest: 45
New highest: 52
New highest: 53
New highest: 54
New highest: 55

3323223355224223414213333123225232123334323322324322233232232342334223322233311213333433323222344341
Input = 3323223355224223414213333123225232123334323322324322233232232342334223322233311213333433323222344341
New highest: 33
New highest: 35
New highest: 55

4222824134232232215272455381232232241642243222622351243424551522212542728343252548243431374825372242
Input = 4222824134232232215272455381232232241642243222622351243424551522212542728343252548243431374825372242
New highest: 42
New highest: 48
New highest: 82
New highest: 84
New highest: 85
New highest: 87
New highest: 88

1124561327327812339323348248942747979232333741438863422422578244842338233727234333652124317332763333
Input = 1124561327327812339323348248942747979232333741438863422422578244842338233727234333652124317332763333
New highest: 11
New highest: 12
New highest: 14
New highest: 15
New highest: 16
New highest: 17
New highest: 18
New highest: 19
New highest: 24
New highest: 25
New highest: 26
New highest: 27
New highest: 28
New highest: 29
New highest: 45
New highest: 46
New highest: 47
New highest: 48
New highest: 49
New highest: 56
New highest: 57
New highest: 58
New highest: 59
New highest: 61
New highest: 63
New highest: 67
New highest: 68
New highest: 69
New highest: 73
New highest: 77
New highest: 78
New highest: 79
New highest: 81
New highest: 82
New highest: 83
New highest: 89
New highest: 93
New highest: 94
New highest: 98
New highest: 99

3754136545825784277857794164587452752154428542332755567495876582575631741333322824247923954541645224
Input = 3754136545825784277857794164587452752154428542332755567495876582575631741333322824247923954541645224
New highest: 37
New highest: 38
New highest: 39
New highest: 75
New highest: 76
New highest: 78
New highest: 79
New highest: 82
New highest: 85
New highest: 87
New highest: 88
New highest: 89
New highest: 94
New highest: 96
New highest: 98
New highest: 99

6667376434644527447463454444544385956695544837336538345663335144564648444938467454754453565556944434
Input = 6667376434644527447463454444544385956695544837336538345663335144564648444938467454754453565556944434
New highest: 66
New highest: 67
New highest: 68
New highest: 69
New highest: 73
New highest: 77
New highest: 78
New highest: 79
New highest: 85
New highest: 89
New highest: 95
New highest: 96
New highest: 99

2222224222125342222222221221242225231122222242122232134244322221132222225222221332213223232222323221
Input = 2222224222125342222222221221242225231122222242122232134244322221132222225222221332213223232222323221
New highest: 22
New highest: 24
New highest: 25
New highest: 42
New highest: 45
New highest: 53
New highest: 54
New highest: 55

3322222221223132332222122411212222242222323222222222133122322213132222132222222112223222222213321222
Input = 3322222221223132332222122411212222242222323222222222133122322213132222132222222112223222222213321222
New highest: 33
New highest: 34
New highest: 41
New highest: 42
New highest: 44

4423433343231342442334436172444432243544544423342341424152122354142233444434443434434243443232345324
Input = 4423433343231342442334436172444432243544544423342341424152122354142233444434443434434243443232345324
New highest: 44
New highest: 46
New highest: 47
New highest: 61
New highest: 67
New highest: 72
New highest: 74
New highest: 75

1224421114333322123143425242342244342122343222242424543322221122342223122242224222132222144323324213
Input = 1224421114333322123143425242342244342122343222242424543322221122342223122242224222132222144323324213
New highest: 12
New highest: 14
New highest: 15
New highest: 22
New highest: 24
New highest: 25
New highest: 44
New highest: 45
New highest: 52
New highest: 54
New highest: 55

3323243132222412233243423254525235222942213213522232234432142534222222232233333322515232123321534232
Input = 3323243132222412233243423254525235222942213213522232234432142534222222232233333322515232123321534232
New highest: 33
New highest: 34
New highest: 35
New highest: 39
New highest: 43
New highest: 44
New highest: 45
New highest: 49
New highest: 54
New highest: 55
New highest: 59
New highest: 94
New highest: 95

1432336332222232231212221324322572261211227163222312323322333322227231411212221434232221216222212233
Input = 1432336332222232231212221324322572261211227163222312323322333322227231411212221434232221216222212233
New highest: 14
New highest: 16
New highest: 17
New highest: 43
New highest: 46
New highest: 47
New highest: 63
New highest: 64
New highest: 65
New highest: 67
New highest: 72
New highest: 76
New highest: 77

4548547539233235233163624563334343333423435256334434438164454423614443425533444745362624433344466436
Input = 4548547539233235233163624563334343333423435256334434438164454423614443425533444745362624433344466436
New highest: 45
New highest: 48
New highest: 49
New highest: 54
New highest: 58
New highest: 59
New highest: 85
New highest: 87
New highest: 89
New highest: 92
New highest: 93
New highest: 95
New highest: 96
New highest: 98

2122361745311436322422452322523121392225236222325233666122222235612624123512267622722263512222341621
Input = 2122361745311436322422452322523121392225236222325233666122222235612624123512267622722263512222341621
New highest: 21
New highest: 22
New highest: 23
New highest: 26
New highest: 27
New highest: 29
New highest: 36
New highest: 37
New highest: 39
New highest: 61
New highest: 67
New highest: 69
New highest: 74
New highest: 75
New highest: 76
New highest: 79
New highest: 92
New highest: 95
New highest: 96
New highest: 97

3231382222262144422225631222422423411227244232322221252212222227127423127221424252432412222125343422
Input = 3231382222262144422225631222422423411227244232322221252212222227127423127221424252432412222125343422
New highest: 32
New highest: 33
New highest: 38
New highest: 82
New highest: 86
New highest: 87

8228352452134623333232525588523223344453343212358333835335525235563332551233333322434553235144354414
Input = 8228352452134623333232525588523223344453343212358333835335525235563332551233333322434553235144354414
New highest: 82
New highest: 88

4564548556564529545833357794374649862438898656788566553845753595444459158285554475574347475466465836
Input = 4564548556564529545833357794374649862438898656788566553845753595444459158285554475574347475466465836
New highest: 45
New highest: 46
New highest: 48
New highest: 49
New highest: 56
New highest: 58
New highest: 59
New highest: 64
New highest: 65
New highest: 68
New highest: 69
New highest: 85
New highest: 86
New highest: 89
New highest: 95
New highest: 98
New highest: 99

2211322231122235322222323243322342223212833223118222224214322222224123212512212333224322211734252224
Input = 2211322231122235322222323243322342223212833223118222224214322222224123212512212333224322211734252224
New highest: 22
New highest: 23
New highest: 25
New highest: 28
New highest: 32
New highest: 33
New highest: 35
New highest: 38
New highest: 53
New highest: 54
New highest: 58
New highest: 83
New highest: 88

5456566444656684465766457566665563459364736455675556643546474267565939667565456666594654425744364564
Input = 5456566444656684465766457566665563459364736455675556643546474267565939667565456666594654425744364564
New highest: 54
New highest: 55
New highest: 56
New highest: 58
New highest: 59
New highest: 65
New highest: 66
New highest: 68
New highest: 69
New highest: 84
New highest: 86
New highest: 87
New highest: 89
New highest: 93
New highest: 96
New highest: 97
New highest: 99

5842526447335556634425344475565367653747675643375432345572334546287535373443366243444263525346442365
Input = 5842526447335556634425344475565367653747675643375432345572334546287535373443366243444263525346442365
New highest: 58
New highest: 84
New highest: 85
New highest: 86
New highest: 87
New highest: 88

2795775723662574538342222373931736324236744273722269664533333258373334445232731561722515426772737133
Input = 2795775723662574538342222373931736324236744273722269664533333258373334445232731561722515426772737133
New highest: 27
New highest: 29
New highest: 79
New highest: 95
New highest: 97
New highest: 98
New highest: 99

5452235542452424555623315444943425225255441235434441514544445423612527322634642422245362474344424454
Input = 5452235542452424555623315444943425225255441235434441514544445423612527322634642422245362474344424454
New highest: 54
New highest: 55
New highest: 56
New highest: 59
New highest: 62
New highest: 63
New highest: 65
New highest: 69
New highest: 94
New highest: 95
New highest: 96
New highest: 97

4442427244422593232534324222433434226426532226322516322233512222222241323527223122427223324252322343
Input = 4442427244422593232534324222433434226426532226322516322233512222222241323527223122427223324252322343
New highest: 44
New highest: 47
New highest: 49
New highest: 72
New highest: 74
New highest: 75
New highest: 79
New highest: 93
New highest: 95
New highest: 96
New highest: 97

6433434435332662333338355533422335435433532654233355554433346433333376633544332266242236332213556556
Input = 6433434435332662333338355533422335435433532654233355554433346433333376633544332266242236332213556556
New highest: 64
New highest: 65
New highest: 66
New highest: 68
New highest: 83
New highest: 85
New highest: 86
New highest: 87

1131554446233435321243244222565223533422322434522222438342212433431422313422343322455146235535345532
Input = 1131554446233435321243244222565223533422322434522222438342212433431422313422343322455146235535345532
New highest: 11
New highest: 13
New highest: 15
New highest: 16
New highest: 18
New highest: 31
New highest: 35
New highest: 36
New highest: 38
New highest: 55
New highest: 56
New highest: 58
New highest: 62
New highest: 63
New highest: 64
New highest: 65
New highest: 66
New highest: 68
New highest: 83
New highest: 84
New highest: 85
New highest: 86

3152557253372232123312222625252325252123127628253243324865273576325261225245325342832253327542535824
Input = 3152557253372232123312222625252325252123127628253243324865273576325261225245325342832253327542535824
New highest: 31
New highest: 35
New highest: 37
New highest: 38
New highest: 52
New highest: 55
New highest: 57
New highest: 58
New highest: 72
New highest: 75
New highest: 77
New highest: 78
New highest: 82
New highest: 85
New highest: 88

2222223213222322211222221222222421222222222322122322212322222222212221222231242122432223222221421222
Input = 2222223213222322211222221222222421222222222322122322212322222222212221222231242122432223222221421222
New highest: 22
New highest: 23
New highest: 24
New highest: 32
New highest: 33
New highest: 34
New highest: 42
New highest: 43
New highest: 44

1642635362633243533454633762353668621331657645336323235347274463338632954672463643336448424544725657
Input = 1642635362633243533454633762353668621331657645336323235347274463338632954672463643336448424544725657
New highest: 16
New highest: 17
New highest: 18
New highest: 19
New highest: 64
New highest: 66
New highest: 67
New highest: 68
New highest: 69
New highest: 76
New highest: 78
New highest: 79
New highest: 86
New highest: 87
New highest: 88
New highest: 89
New highest: 95
New highest: 96
New highest: 97
New highest: 98

2141223332283222321222242222232121422232223131222231242222223224221223223312225222123423323323414222
Input = 2141223332283222321222242222232121422232223131222231242222223224221223223312225222123423323323414222
New highest: 21
New highest: 24
New highest: 28
New highest: 41
New highest: 42
New highest: 43
New highest: 48
New highest: 83
New highest: 84
New highest: 85

4444694453436342782665244777846939475677434444576566333635133442244444165541433427765655444454753345
Input = 4444694453436342782665244777846939475677434444576566333635133442244444165541433427765655444454753345
New highest: 44
New highest: 46
New highest: 49
New highest: 69
New highest: 94
New highest: 95
New highest: 96
New highest: 97
New highest: 98
New highest: 99

2224424483456223814452233842667264452512273244422233332276353865643523343215233422372524243232523521
Input = 2224424483456223814452233842667264452512273244422233332276353865643523343215233422372524243232523521
New highest: 22
New highest: 24
New highest: 28
New highest: 44
New highest: 48
New highest: 83
New highest: 84
New highest: 85
New highest: 86
New highest: 88

1237824656322266422332233224222363624233552313533622435213371633323533353353631332324343242643333633
Input = 1237824656322266422332233224222363624233552313533622435213371633323533353353631332324343242643333633
New highest: 12
New highest: 13
New highest: 17
New highest: 18
New highest: 23
New highest: 27
New highest: 28
New highest: 37
New highest: 38
New highest: 78
New highest: 82
New highest: 84
New highest: 86
New highest: 87

1231211221222323222212232212222222222222221322232232222222232122212131232212222121222312222222212232
Input = 1231211221222323222212232212222222222222221322232232222222232122212131232212222121222312222222212232
New highest: 12
New highest: 13
New highest: 23
New highest: 31
New highest: 32
New highest: 33

3223232211223732341332333522132512551611222232211334442322333523224312123317165232212223272232224122
Input = 3223232211223732341332333522132512551611222232211334442322333523224312123317165232212223272232224122
New highest: 32
New highest: 33
New highest: 37
New highest: 73
New highest: 74
New highest: 75
New highest: 76
New highest: 77

2222222223112241342232212222222235622222122532222225222422232222252241322413229111222212212221222222
Input = 2222222223112241342232212222222235622222122532222225222422232222252241322413229111222212212221222222
New highest: 22
New highest: 23
New highest: 24
New highest: 25
New highest: 26
New highest: 29
New highest: 31
New highest: 32
New highest: 34
New highest: 35
New highest: 36
New highest: 39
New highest: 41
New highest: 43
New highest: 44
New highest: 45
New highest: 46
New highest: 49
New highest: 56
New highest: 59
New highest: 62
New highest: 65
New highest: 69
New highest: 91
New highest: 92

2422332523222722227145223652362626152222254242141512321511223533257152222722321217434822242223223232
Input = 2422332523222722227145223652362626152222254242141512321511223533257152222722321217434822242223223232
New highest: 24
New highest: 25
New highest: 27
New highest: 28
New highest: 42
New highest: 43
New highest: 45
New highest: 47
New highest: 48
New highest: 52
New highest: 53
New highest: 57
New highest: 58
New highest: 72
New highest: 77
New highest: 78
New highest: 82
New highest: 84

5434344535342216453455553422511435545243253352331542332222529518348323354344447523455252253327424343
Input = 5434344535342216453455553422511435545243253352331542332222529518348323354344447523455252253327424343
New highest: 54
New highest: 55
New highest: 56
New highest: 59
New highest: 64
New highest: 65
New highest: 69
New highest: 95
New highest: 98

7352469452742223126134342343334224336235442634344428422443425426333843544453444223244422444354651513
Input = 7352469452742223126134342343334224336235442634344428422443425426333843544453444223244422444354651513
New highest: 73
New highest: 75
New highest: 76
New highest: 79
New highest: 94
New highest: 95
New highest: 97
New highest: 98

1432344474232424532323342445839724873113364433535252243333343336148373423242153323213354228443341344
Input = 1432344474232424532323342445839724873113364433535252243333343336148373423242153323213354228443341344
New highest: 14
New highest: 17
New highest: 18
New highest: 19
New highest: 43
New highest: 44
New highest: 47
New highest: 48
New highest: 49
New highest: 74
New highest: 75
New highest: 78
New highest: 79
New highest: 83
New highest: 89
New highest: 97
New highest: 98

5415223341143133142522553345331224312311115524312553434123151355154321522452213441233251252445246789
Input = 5415223341143133142522553345331224312311115524312553434123151355154321522452213441233251252445246789
New highest: 54
New highest: 55
New highest: 56
New highest: 57
New highest: 58
New highest: 59
New highest: 67
New highest: 68
New highest: 69
New highest: 78
New highest: 79
New highest: 89

7947595557484664238974656954344733365568666563778863215641447545559736732549337586374634544896346297
Input = 7947595557484664238974656954344733365568666563778863215641447545559736732549337586374634544896346297
New highest: 79
New highest: 94
New highest: 97
New highest: 99

3313521345213333233222323312322223121233342223222232351121232331232121343222425231132323432353222332
Input = 3313521345213333233222323312322223121233342223222232351121232331232121343222425231132323432353222332
New highest: 33
New highest: 35
New highest: 52
New highest: 53
New highest: 54
New highest: 55

5221223112221323121222226222222126213222222222222322222222351224222222222132423212214222231662222522
Input = 5221223112221323121222226222222126213222222222222322222222351224222222222132423212214222231662222522
New highest: 52
New highest: 53
New highest: 56
New highest: 62
New highest: 66

3685347663449334343544694926774751934769593327363542531343516483616764739768951356625233374693264843
Input = 3685347663449334343544694926774751934769593327363542531343516483616764739768951356625233374693264843
New highest: 36
New highest: 38
New highest: 39
New highest: 68
New highest: 69
New highest: 85
New highest: 87
New highest: 89
New highest: 93
New highest: 94
New highest: 95
New highest: 96
New highest: 99

5495273527547555222455233422555964573458591465559254322973547456495543478293423723258585364493445652
Input = 5495273527547555222455233422555964573458591465559254322973547456495543478293423723258585364493445652
New highest: 54
New highest: 59
New highest: 95
New highest: 97
New highest: 99

2246552216532634222224412261623355452435275322712243422222321242435285524346245223234412356222222424
Input = 2246552216532634222224412261623355452435275322712243422222321242435285524346245223234412356222222424
New highest: 22
New highest: 24
New highest: 26
New highest: 27
New highest: 28
New highest: 46
New highest: 47
New highest: 48
New highest: 65
New highest: 66
New highest: 67
New highest: 68
New highest: 75
New highest: 77
New highest: 78
New highest: 85
New highest: 86

3434452737333139322342333333535433773734333123236385334523433341344545533824337445336334433346227259
Input = 3434452737333139322342333333535433773734333123236385334523433341344545533824337445336334433346227259
New highest: 34
New highest: 35
New highest: 37
New highest: 39
New highest: 43
New highest: 44
New highest: 45
New highest: 47
New highest: 49
New highest: 52
New highest: 57
New highest: 59
New highest: 73
New highest: 77
New highest: 79
New highest: 93
New highest: 94
New highest: 95
New highest: 97
New highest: 98
New highest: 99

2126625567366647366226546343376272475243533462343577547163212662766625668737141326477386353826582622
Input = 2126625567366647366226546343376272475243533462343577547163212662766625668737141326477386353826582622
New highest: 21
New highest: 22
New highest: 26
New highest: 27
New highest: 28
New highest: 66
New highest: 67
New highest: 68
New highest: 73
New highest: 76
New highest: 77
New highest: 78
New highest: 87
New highest: 88

3334144314213431143144443233314244243444444121123313134411432222111432144422311232112322424211356789
Input = 3334144314213431143144443233314244243444444121123313134411432222111432144422311232112322424211356789
New highest: 33
New highest: 34
New highest: 35
New highest: 36
New highest: 37
New highest: 38
New highest: 39
New highest: 41
New highest: 44
New highest: 45
New highest: 46
New highest: 47
New highest: 48
New highest: 49
New highest: 56
New highest: 57
New highest: 58
New highest: 59
New highest: 67
New highest: 68
New highest: 69
New highest: 78
New highest: 79
New highest: 89

5124222223223242422523262351112225322372362224224322122222241232221222222223132231222142231273222213
Input = 5124222223223242422523262351112225322372362224224322122222241232221222222223132231222142231273222213
New highest: 51
New highest: 52
New highest: 54
New highest: 55
New highest: 56
New highest: 57
New highest: 62
New highest: 63
New highest: 65
New highest: 67
New highest: 72
New highest: 73
New highest: 76
New highest: 77

4955745669535556665548572752574554536686455275333755347665545853723177525625429748546845574867359777
Input = 4955745669535556665548572752574554536686455275333755347665545853723177525625429748546845574867359777
New highest: 49
New highest: 95
New highest: 97
New highest: 99

1354425433245815164742457722954243764446232225714722294227534419347629545742224242535679243633535325
Input = 1354425433245815164742457722954243764446232225714722294227534419347629545742224242535679243633535325
New highest: 13
New highest: 15
New highest: 18
New highest: 19
New highest: 35
New highest: 38
New highest: 39
New highest: 54
New highest: 55
New highest: 58
New highest: 59
New highest: 81
New highest: 85
New highest: 86
New highest: 87
New highest: 89
New highest: 95
New highest: 97
New highest: 99

3249925837323336773135677573656587863474853775343454598728683383636935568874487662556343385935836438
Input = 3249925837323336773135677573656587863474853775343454598728683383636935568874487662556343385935836438
New highest: 32
New highest: 34
New highest: 39
New highest: 49
New highest: 99

4433334223533414235234123435226313433132152394544231323133333263363521613333382343329353347433334352
Input = 4433334223533414235234123435226313433132152394544231323133333263363521613333382343329353347433334352
New highest: 44
New highest: 45
New highest: 46
New highest: 49
New highest: 53
New highest: 54
New highest: 55
New highest: 56
New highest: 59
New highest: 63
New highest: 64
New highest: 65
New highest: 69
New highest: 94
New highest: 95
New highest: 96
New highest: 98
New highest: 99

2121322222122222221222222162223122222222111322222295224232322221222522225213222422322323222122222122
Input = 2121322222122222221222222162223122222222111322222295224232322221222522225213222422322323222122222122
New highest: 21
New highest: 22
New highest: 23
New highest: 26
New highest: 29
New highest: 32
New highest: 36
New highest: 39
New highest: 62
New highest: 63
New highest: 69
New highest: 95

2532444134433412344442452234233322421233132221143133333447213442246322233324514323422244241343242323
Input = 2532444134433412344442452234233322421233132221143133333447213442246322233324514323422244241343242323
New highest: 25
New highest: 27
New highest: 53
New highest: 54
New highest: 55
New highest: 57
New highest: 72
New highest: 73
New highest: 74
New highest: 76

1332333247132213224433332362332515425333633323333332743435534352235428245246224328312323335333325325
Input = 1332333247132213224433332362332515425333633323333332743435534352235428245246224328312323335333325325
New highest: 13
New highest: 14
New highest: 17
New highest: 18
New highest: 33
New highest: 34
New highest: 37
New highest: 38
New highest: 47
New highest: 48
New highest: 71
New highest: 73
New highest: 74
New highest: 76
New highest: 77
New highest: 78
New highest: 82
New highest: 84
New highest: 85
New highest: 86
New highest: 88

3323433431451361446345442434352322544314415433472336444436442254355444424443351263623522334446322424
Input = 3323433431451361446345442434352322544314415433472336444436442254355444424443351263623522334446322424
New highest: 33
New highest: 34
New highest: 35
New highest: 36
New highest: 37
New highest: 43
New highest: 44
New highest: 45
New highest: 46
New highest: 47
New highest: 51
New highest: 53
New highest: 56
New highest: 57
New highest: 61
New highest: 64
New highest: 66
New highest: 67
New highest: 72
New highest: 73
New highest: 76

3235242125423424222223122223122323134231212421232222252522124322222323412221224122234122224223232443
Input = 3235242125423424222223122223122323134231212421232222252522124322222323412221224122234122224223232443
New highest: 32
New highest: 33
New highest: 35
New highest: 52
New highest: 54
New highest: 55

4222222422242121224223322224232423222312221242242412224224144121122232132132212222221223223211242211
Input = 4222222422242121224223322224232423222312221242242412224224144121122232132132212222221223223211242211
New highest: 42
New highest: 44

9667559676865945685656555856576574889344955459959695568659898998679874657653558967857887855885685875
Input = 9667559676865945685656555856576574889344955459959695568659898998679874657653558967857887855885685875
New highest: 96
New highest: 97
New highest: 99

2232522625535276163432652446663255546152454263734332245344452254535455255645332455554585665652347642
Input = 2232522625535276163432652446663255546152454263734332245344452254535455255645332455554585665652347642
New highest: 22
New highest: 23
New highest: 25
New highest: 26
New highest: 27
New highest: 28
New highest: 32
New highest: 35
New highest: 36
New highest: 37
New highest: 38
New highest: 52
New highest: 56
New highest: 57
New highest: 58
New highest: 62
New highest: 65
New highest: 67
New highest: 68
New highest: 76
New highest: 77
New highest: 78
New highest: 85
New highest: 86
New highest: 87

3691424432344252982339232423433232852232451252433223224334423642322333215372313243222224433273132623
Input = 3691424432344252982339232423433232852232451252433223224334423642322333215372313243222224433273132623
New highest: 36
New highest: 39
New highest: 69
New highest: 91
New highest: 94
New highest: 95
New highest: 99

1211264137133621365373376434721663626276414713254212344646451711141324366741132176514351671667725789
Input = 1211264137133621365373376434721663626276414713254212344646451711141324366741132176514351671667725789
New highest: 12
New highest: 16
New highest: 17
New highest: 18
New highest: 19
New highest: 21
New highest: 22
New highest: 26
New highest: 27
New highest: 28
New highest: 29
New highest: 64
New highest: 67
New highest: 68
New highest: 69
New highest: 71
New highest: 73
New highest: 76
New highest: 77
New highest: 78
New highest: 79
New highest: 89

4238352435453344364644467333433563553422633344323541347465433433245445563435224356453536333459463464
Input = 4238352435453344364644467333433563553422633344323541347465433433245445563435224356453536333459463464
New highest: 42
New highest: 43
New highest: 48
New highest: 49
New highest: 83
New highest: 85
New highest: 86
New highest: 87
New highest: 89
New highest: 94
New highest: 96

3333332272343121323212333322265833544225232335523232352312263221373333333325233322331323234243332341
Input = 3333332272343121323212333322265833544225232335523232352312263221373333333325233322331323234243332341
New highest: 33
New highest: 37
New highest: 38
New highest: 72
New highest: 73
New highest: 74
New highest: 76
New highest: 78
New highest: 83
New highest: 85
New highest: 86
New highest: 87

4245422242334333223222335212332122432233212243234333233313212214313323233224333334213233335232212342
Input = 4245422242334333223222335212332122432233212243234333233313212214313323233224333334213233335232212342
New highest: 42
New highest: 44
New highest: 45
New highest: 54
New highest: 55

3583533221848265253422226873272522192932233625622562212443525221623434764821682624544222263872226444
Input = 3583533221848265253422226873272522192932233625622562212443525221623434764821682624544222263872226444
New highest: 35
New highest: 38
New highest: 39
New highest: 58
New highest: 59
New highest: 83
New highest: 85
New highest: 88
New highest: 89
New highest: 92
New highest: 99

4436728764735376733333367833562893341374269723293778542836662627931783323754325675623236253236817376
Input = 4436728764735376733333367833562893341374269723293778542836662627931783323754325675623236253236817376
New highest: 44
New highest: 46
New highest: 47
New highest: 48
New highest: 49
New highest: 67
New highest: 68
New highest: 69
New highest: 72
New highest: 78
New highest: 79
New highest: 87
New highest: 88
New highest: 89
New highest: 93
New highest: 94
New highest: 97
New highest: 99

2414344244245443334353423424444444344434444234334324344443342215513444326432334243314112444444526423
Input = 2414344244245443334353423424444444344434444234334324344443342215513444326432334243314112444444526423
New highest: 24
New highest: 25
New highest: 26
New highest: 41
New highest: 44
New highest: 45
New highest: 46
New highest: 54
New highest: 55
New highest: 56
New highest: 64
New highest: 65
New highest: 66

4233311352329131234224523242323221565512453354225223252322242322152112434325423333524322332233235222
Input = 4233311352329131234224523242323221565512453354225223252322242322152112434325423333524322332233235222
New highest: 42
New highest: 43
New highest: 45
New highest: 49
New highest: 52
New highest: 53
New highest: 59
New highest: 91
New highest: 93
New highest: 94
New highest: 95
New highest: 96

2532164227224553572324443844315135565451545255724252535551654423257355332346254322144652325122535371
Input = 2532164227224553572324443844315135565451545255724252535551654423257355332346254322144652325122535371
New highest: 25
New highest: 26
New highest: 27
New highest: 28
New highest: 53
New highest: 56
New highest: 57
New highest: 58
New highest: 64
New highest: 67
New highest: 68
New highest: 72
New highest: 74
New highest: 75
New highest: 77
New highest: 78
New highest: 84
New highest: 85
New highest: 86
New highest: 87

3355561389336333561653712247712573443288844528736652262723526784373427226712282369245434857623845682
Input = 3355561389336333561653712247712573443288844528736652262723526784373427226712282369245434857623845682
New highest: 33
New highest: 35
New highest: 36
New highest: 38
New highest: 39
New highest: 55
New highest: 56
New highest: 58
New highest: 59
New highest: 61
New highest: 63
New highest: 68
New highest: 69
New highest: 89
New highest: 93
New highest: 96
New highest: 97
New highest: 98
New highest: 99

3737322222163266422223162323442624312524422222233322632322422222222227272432222124432325236224657242
Input = 3737322222163266422223162323442624312524422222233322632322422222222227272432222124432325236224657242
New highest: 37
New highest: 73
New highest: 77

5165455435455453241458445555388453557335554984225555255254555545459444454525459252354524534795523395
Input = 5165455435455453241458445555388453557335554984225555255254555545459444454525459252354524534795523395
New highest: 51
New highest: 56
New highest: 58
New highest: 59
New highest: 65
New highest: 68
New highest: 69
New highest: 84
New highest: 85
New highest: 88
New highest: 89
New highest: 98
New highest: 99

4522153322221332233922335582246314235452223534324323343928223223122433152312122132423226232154221273
Input = 4522153322221332233922335582246314235452223534324323343928223223122433152312122132423226232154221273
New highest: 45
New highest: 49
New highest: 52
New highest: 55
New highest: 59
New highest: 92
New highest: 93
New highest: 95
New highest: 98
New highest: 99

1332222332333212133325223243212123341223332213123223321733323132313222222221112122135222223222522226
Input = 1332222332333212133325223243212123341223332213123223321733323132313222222221112122135222223222522226
New highest: 13
New highest: 15
New highest: 17
New highest: 33
New highest: 35
New highest: 37
New highest: 52
New highest: 53
New highest: 54
New highest: 57
New highest: 73
New highest: 75
New highest: 76

3724154661335853639652222523253463324361245122335365213141433326223217122322322328525152876431244286
Input = 3724154661335853639652222523253463324361245122335365213141433326223217122322322328525152876431244286
New highest: 37
New highest: 38
New highest: 39
New highest: 72
New highest: 74
New highest: 75
New highest: 76
New highest: 78
New highest: 79
New highest: 85
New highest: 86
New highest: 89
New highest: 96
New highest: 97
New highest: 98

5557231813565275555558458564753485855353554754446775455366355565665552485555258455568565553153853753
Input = 5557231813565275555558458564753485855353554754446775455366355565665552485555258455568565553153853753
New highest: 55
New highest: 57
New highest: 58
New highest: 72
New highest: 73
New highest: 78
New highest: 81
New highest: 83
New highest: 85
New highest: 86
New highest: 87
New highest: 88

2343238733112232956425323743363427223133321322231322442413232126333515532232323355322234414184332312
Input = 2343238733112232956425323743363427223133321322231322442413232126333515532232323355322234414184332312
New highest: 23
New highest: 24
New highest: 28
New highest: 29
New highest: 34
New highest: 38
New highest: 39
New highest: 43
New highest: 48
New highest: 49
New highest: 87
New highest: 89
New highest: 95
New highest: 96
New highest: 97
New highest: 98

1722545461555424552523334224166356244425225526332245535452354442512433843244424663345243532534528245
Input = 1722545461555424552523334224166356244425225526332245535452354442512433843244424663345243532534528245
New highest: 17
New highest: 18
New highest: 72
New highest: 75
New highest: 76
New highest: 78
New highest: 84
New highest: 86
New highest: 88

3452563333332533333333315451322323333233533132233331573623234122332331323323733335464232264335343346
Input = 3452563333332533333333315451322323333233533132233331573623234122332331323323733335464232264335343346
New highest: 34
New highest: 35
New highest: 36
New highest: 37
New highest: 45
New highest: 46
New highest: 47
New highest: 52
New highest: 55
New highest: 56
New highest: 57
New highest: 63
New highest: 65
New highest: 67
New highest: 73
New highest: 76
New highest: 77

3654434335253423464454333334321454434534344446363443454352524432441354573444454244355332442443434224
Input = 3654434335253423464454333334321454434534344446363443454352524432441354573444454244355332442443434224
New highest: 36
New highest: 37
New highest: 65
New highest: 66
New highest: 67
New highest: 73
New highest: 74
New highest: 75

6456368336466758556365756764559593646564665346467465456455445684516536645545562666766655555773655535
Input = 6456368336466758556365756764559593646564665346467465456455445684516536645545562666766655555773655535
New highest: 64
New highest: 65
New highest: 66
New highest: 68
New highest: 69
New highest: 83
New highest: 86
New highest: 87
New highest: 88
New highest: 89
New highest: 95
New highest: 99

2441263434432222222625224335242135241433242422324545247512551115221542265232222224334225232344243233
Input = 2441263434432222222625224335242135241433242422324545247512551115221542265232222224334225232344243233
New highest: 24
New highest: 26
New highest: 27
New highest: 44
New highest: 46
New highest: 47
New highest: 63
New highest: 64
New highest: 66
New highest: 67
New highest: 75
New highest: 76

2354415334324223431534325523232232234224544423338334245332552232333756322535522335233335255334245244
Input = 2354415334324223431534325523232232234224544423338334245332552232333756322535522335233335255334245244
New highest: 23
New highest: 25
New highest: 28
New highest: 35
New highest: 38
New highest: 54
New highest: 55
New highest: 58
New highest: 83
New highest: 84
New highest: 85
New highest: 87

3656447676687773455334475373892287865748944389514287778826924545596896362555922859295744487358589588
Input = 3656447676687773455334475373892287865748944389514287778826924545596896362555922859295744487358589588
New highest: 36
New highest: 37
New highest: 38
New highest: 39
New highest: 65
New highest: 66
New highest: 67
New highest: 68
New highest: 69
New highest: 76
New highest: 77
New highest: 78
New highest: 79
New highest: 87
New highest: 88
New highest: 89
New highest: 92
New highest: 98
New highest: 99

4223223423333474313423253363222623373414249433433343242223233222143344314214342333333232632384833422
Input = 4223223423333474313423253363222623373414249433433343242223233222143344314214342333333232632384833422
New highest: 42
New highest: 43
New highest: 44
New highest: 47
New highest: 49
New highest: 74
New highest: 75
New highest: 76
New highest: 77
New highest: 79
New highest: 94
New highest: 96
New highest: 98

3333343233323334331333362333333224331333243353323324333354337234331343553234335323333333333333232443
Input = 3333343233323334331333362333333224331333243353323324333354337234331343553234335323333333333333232443
New highest: 33
New highest: 34
New highest: 36
New highest: 37
New highest: 43
New highest: 44
New highest: 46
New highest: 47
New highest: 62
New highest: 63
New highest: 64
New highest: 65
New highest: 67
New highest: 72
New highest: 73
New highest: 74
New highest: 75

4241125324231232212222485234122213232432231222324112124312522552423223242232212241323212412232325252
Input = 4241125324231232212222485234122213232432231222324112124312522552423223242232212241323212412232325252
New highest: 42
New highest: 44
New highest: 45
New highest: 48
New highest: 53
New highest: 54
New highest: 58
New highest: 85

2422222322232223423222122241412142244224417122242424443421342224211234424124122422323323222331483374
Input = 2422222322232223423222122241412142244224417122242424443421342224211234424124122422323323222331483374
New highest: 24
New highest: 27
New highest: 28
New highest: 42
New highest: 43
New highest: 44
New highest: 47
New highest: 48
New highest: 71
New highest: 72
New highest: 74
New highest: 78
New highest: 83
New highest: 87

4234333333334423452233333333322334232222332363333335333323333353243433322223335232333333333323463332
Input = 4234333333334423452233333333322334232222332363333335333323333353243433322223335232333333333323463332
New highest: 42
New highest: 43
New highest: 44
New highest: 45
New highest: 46
New highest: 52
New highest: 53
New highest: 54
New highest: 56
New highest: 63
New highest: 65
New highest: 66

3224222332524244222215232624124233362355348235226542632111522274427222511366424272275653262261522542
Input = 3224222332524244222215232624124233362355348235226542632111522274427222511366424272275653262261522542
New highest: 32
New highest: 34
New highest: 35
New highest: 36
New highest: 38
New highest: 42
New highest: 43
New highest: 45
New highest: 46
New highest: 48
New highest: 52
New highest: 54
New highest: 55
New highest: 56
New highest: 58
New highest: 62
New highest: 64
New highest: 66
New highest: 68
New highest: 82
New highest: 83
New highest: 85
New highest: 86
New highest: 87

6222344452372565123555352525335343534255542526225562443235526455535666554445451552646455323455263224
Input = 6222344452372565123555352525335343534255542526225562443235526455535666554445451552646455323455263224
New highest: 62
New highest: 63
New highest: 64
New highest: 65
New highest: 67
New highest: 72
New highest: 75
New highest: 76

3566135768261756336524563132444442442844443372334554823442482431146734472445426414444164444434462284
Input = 3566135768261756336524563132444442442844443372334554823442482431146734472445426414444164444434462284
New highest: 35
New highest: 36
New highest: 37
New highest: 38
New highest: 56
New highest: 57
New highest: 58
New highest: 66
New highest: 67
New highest: 68
New highest: 76
New highest: 78
New highest: 82
New highest: 86
New highest: 87
New highest: 88

6273544363263556455426442634266324447556555664764656665583866464645654563535564656435335526736457452
Input = 6273544363263556455426442634266324447556555664764656665583866464645654563535564656435335526736457452
New highest: 62
New highest: 67
New highest: 68
New highest: 73
New highest: 75
New highest: 76
New highest: 77
New highest: 78
New highest: 83
New highest: 88

2241522723635233224243422352455372373143423452324523151415354323222435235412124252334253241532236223
Input = 2241522723635233224243422352455372373143423452324523151415354323222435235412124252334253241532236223
New highest: 22
New highest: 24
New highest: 25
New highest: 27
New highest: 41
New highest: 45
New highest: 47
New highest: 52
New highest: 57
New highest: 72
New highest: 73
New highest: 76
New highest: 77

4422334354442342222543442455333444434144544431284434234263345343774144324562433133943545634341125323
Input = 4422334354442342222543442455333444434144544431284434234263345343774144324562433133943545634341125323
New highest: 44
New highest: 45
New highest: 48
New highest: 49
New highest: 54
New highest: 55
New highest: 58
New highest: 59
New highest: 84
New highest: 86
New highest: 87
New highest: 89
New highest: 94
New highest: 95
New highest: 96

4332232235322222213123322232233443321122333323213221132324221212322332243223321333122311224232233222
Input = 4332232235322222213123322232233443321122333323213221132324221212322332243223321333122311224232233222
New highest: 43
New highest: 45
New highest: 53
New highest: 54

1326242349524429461442127461433727627425152326343562366515353362343424725714327432374263445643352343
Input = 1326242349524429461442127461433727627425152326343562366515353362343424725714327432374263445643352343
New highest: 13
New highest: 16
New highest: 19
New highest: 32
New highest: 36
New highest: 39
New highest: 62
New highest: 64
New highest: 69
New highest: 95
New highest: 99

1222212222319222312212222622124121412142257122221223212222226122222221221222322222222122262222132227
Input = 1222212222319222312212222622124121412142257122221223212222226122222221221222322222222122262222132227
New highest: 12
New highest: 13
New highest: 19
New highest: 22
New highest: 23
New highest: 29
New highest: 31
New highest: 39
New highest: 92
New highest: 93
New highest: 96
New highest: 97

4234245976744642245223524244555276224464325472234624645636422436336373544443116325552544572362647645
Input = 4234245976744642245223524244555276224464325472234624645636422436336373544443116325552544572362647645
New highest: 42
New highest: 43
New highest: 44
New highest: 45
New highest: 49
New highest: 59
New highest: 97

2523411122223223223542425323223324222242351322224332212442542243433212122422442311323231512322242233
Input = 2523411122223223223542425323223324222242351322224332212442542243433212122422442311323231512322242233
New highest: 25
New highest: 52
New highest: 53
New highest: 54
New highest: 55

3166566676554545563569644445333665446558666466633233565663656445992446656656165356646163453546545667
Input = 3166566676554545563569644445333665446558666466633233565663656445992446656656165356646163453546545667
New highest: 31
New highest: 36
New highest: 37
New highest: 39
New highest: 66
New highest: 67
New highest: 69
New highest: 76
New highest: 79
New highest: 96
New highest: 98
New highest: 99

8689464664844579384662579662255564357673536345666546645755459466354885353477669568665444295956736515
Input = 8689464664844579384662579662255564357673536345666546645755459466354885353477669568665444295956736515
New highest: 86
New highest: 88
New highest: 89
New highest: 94
New highest: 96
New highest: 98
New highest: 99

7539785857849884837353988848869717756844487883754535135354663896777677647665445844285584573579787363
Input = 7539785857849884837353988848869717756844487883754535135354663896777677647665445844285584573579787363
New highest: 75
New highest: 79
New highest: 97
New highest: 98
New highest: 99

4464257431365154543244324552235333343443466545324436354772454554674646552344225543545425425322544445
Input = 4464257431365154543244324552235333343443466545324436354772454554674646552344225543545425425322544445
New highest: 44
New highest: 46
New highest: 47
New highest: 64
New highest: 65
New highest: 67
New highest: 74
New highest: 76
New highest: 77

4781753735344366434357735325246435464583386538335362264444635636343252337434426345525434647534444733
Input = 4781753735344366434357735325246435464583386538335362264444635636343252337434426345525434647534444733
New highest: 47
New highest: 48
New highest: 78
New highest: 81
New highest: 87
New highest: 88

2244622455224226523342254245117625662226564542333133417232454543321431325223624222232543223762237241
Input = 2244622455224226523342254245117625662226564542333133417232454543321431325223624222232543223762237241
New highest: 22
New highest: 24
New highest: 26
New highest: 27
New highest: 44
New highest: 46
New highest: 47
New highest: 62
New highest: 64
New highest: 65
New highest: 66
New highest: 67
New highest: 76
New highest: 77

4223316225421512144252513221341523163243235242322312433432322313252545424622425123243535532424422214
Input = 4223316225421512144252513221341523163243235242322312433432322313252545424622425123243535532424422214
New highest: 42
New highest: 43
New highest: 46
New highest: 62
New highest: 65
New highest: 66

6286263335534344533368253462322323435673433431163813565522531643177234656225265534256563324135332135
Input = 6286263335534344533368253462322323435673433431163813565522531643177234656225265534256563324135332135
New highest: 62
New highest: 68
New highest: 86
New highest: 88

3413423343333345344223332435343242421333222334315235223322241134432224333434232323334144234322332415
Input = 3413423343333345344223332435343242421333222334315235223322241134432224333434232323334144234322332415
New highest: 34
New highest: 35
New highest: 41
New highest: 43
New highest: 44
New highest: 45
New highest: 53
New highest: 54
New highest: 55

3231323443325333433334332333233222343324223312334334343335332433343258335333333533333324233432323324
Input = 3231323443325333433334332333233222343324223312334334343335332433343258335333333533333324233432323324
New highest: 32
New highest: 33
New highest: 34
New highest: 35
New highest: 38
New highest: 44
New highest: 45
New highest: 48
New highest: 53
New highest: 54
New highest: 55
New highest: 58
New highest: 83
New highest: 85

4232222442231221123222232222221132254114312334244241322232412223142213222122324222211242451222424423
Input = 4232222442231221123222232222221132254114312334244241322232412223142213222122324222211242451222424423
New highest: 42
New highest: 43
New highest: 44
New highest: 45
New highest: 54
New highest: 55

7445444555357445234334235324424524344516231364354245547334444457366534757345454433544345255453585453
Input = 7445444555357445234334235324424524344516231364354245547334444457366534757345454433544345255453585453
New highest: 74
New highest: 75
New highest: 77
New highest: 78
New highest: 85

5342211343221423332342523322331328243422322233431322245124123424122433344125242331723432424444134222
Input = 5342211343221423332342523322331328243422322233431322245124123424122433344125242331723432424444134222
New highest: 53
New highest: 54
New highest: 55
New highest: 58
New highest: 82
New highest: 84
New highest: 85
New highest: 87

2269125224122622367346642456643913624258715426767751334326644642521326341622756213212334345327362125
Input = 2269125224122622367346642456643913624258715426767751334326644642521326341622756213212334345327362125
New highest: 22
New highest: 26
New highest: 29
New highest: 69
New highest: 91
New highest: 92
New highest: 95
New highest: 96
New highest: 97
New highest: 99

3122533539325621812333823542376436391645683352666455572324423747353286353333245424637238552469573213
Input = 3122533539325621812333823542376436391645683352666455572324423747353286353333245424637238552469573213
New highest: 31
New highest: 32
New highest: 35
New highest: 39
New highest: 53
New highest: 55
New highest: 59
New highest: 93
New highest: 95
New highest: 96
New highest: 98
New highest: 99

3333323133336333343232433333333323233743342343133333212763233467423333333333234343334341324723373333
Input = 3333323133336333343232433333333323233743342343133333212763233467423333333333234343334341324723373333
New highest: 33
New highest: 36
New highest: 37
New highest: 63
New highest: 64
New highest: 67
New highest: 74
New highest: 77

3382121222211222221441224221193188222223131253242522921225532222328242523251341222274262222142211243
Input = 3382121222211222221441224221193188222223131253242522921225532222328242523251341222274262222142211243
New highest: 33
New highest: 38
New highest: 39
New highest: 82
New highest: 84
New highest: 89
New highest: 93
New highest: 98
New highest: 99

3132132322234463434236445344243245642523142264256442622632433253333424463242564362362343345664434653
Input = 3132132322234463434236445344243245642523142264256442622632433253333424463242564362362343345664434653
New highest: 31
New highest: 33
New highest: 34
New highest: 36
New highest: 44
New highest: 46
New highest: 63
New highest: 64
New highest: 66

2462213422584194441225422933243263223514223243332333132722117212272525534324413424411442331222222533
Input = 2462213422584194441225422933243263223514223243332333132722117212272525534324413424411442331222222533
New highest: 24
New highest: 26
New highest: 28
New highest: 29
New highest: 46
New highest: 48
New highest: 49
New highest: 62
New highest: 63
New highest: 64
New highest: 65
New highest: 68
New highest: 69
New highest: 84
New highest: 89
New highest: 94
New highest: 95
New highest: 99

2342122122121222322232222252322142232435253232223522224332227222433361632132322354242322272223426535
Input = 2342122122121222322232222252322142232435253232223522224332227222433361632132322354242322272223426535
New highest: 23
New highest: 24
New highest: 25
New highest: 27
New highest: 34
New highest: 35
New highest: 37
New highest: 42
New highest: 43
New highest: 45
New highest: 47
New highest: 52
New highest: 53
New highest: 54
New highest: 55
New highest: 57
New highest: 72
New highest: 74
New highest: 76
New highest: 77

2223221312312222323232121233212122122222232236222122322422422242222221122122142221211423223322222112
Input = 2223221312312222323232121233212122122222232236222122322422422242222221122122142221211423223322222112
New highest: 22
New highest: 23
New highest: 26
New highest: 32
New highest: 33
New highest: 36
New highest: 62
New highest: 63
New highest: 64

2233512223822212432322422433122324272222223332312222121312223511122222222211131132222182223222222343
Input = 2233512223822212432322422433122324272222223332312222121312223511122222222211131132222182223222222343
New highest: 22
New highest: 23
New highest: 25
New highest: 28
New highest: 33
New highest: 35
New highest: 38
New highest: 51
New highest: 52
New highest: 53
New highest: 58
New highest: 82
New highest: 84
New highest: 87
New highest: 88

2233336283933336652335355983357249278727433343523332743812473471443433336223323252153328532328362952
Input = 2233336283933336652335355983357249278727433343523332743812473471443433336223323252153328532328362952
New highest: 22
New highest: 23
New highest: 26
New highest: 28
New highest: 29
New highest: 33
New highest: 36
New highest: 38
New highest: 39
New highest: 62
New highest: 68
New highest: 69
New highest: 83
New highest: 89
New highest: 93
New highest: 96
New highest: 99

1222112243123241222242822242223222121542233222412222342242124432312243222442222212432721223223428122
Input = 1222112243123241222242822242223222121542233222412222342242124432312243222442222212432721223223428122
New highest: 12
New highest: 14
New highest: 18
New highest: 22
New highest: 24
New highest: 28
New highest: 43
New highest: 44
New highest: 48
New highest: 82
New highest: 84
New highest: 85
New highest: 87
New highest: 88

7442343345544344443532345433443633444424434234433544333374238254423242234641444243243434245633432234
Input = 7442343345544344443532345433443633444424434234433544333374238254423242234641444243243434245633432234
New highest: 74
New highest: 75
New highest: 76
New highest: 77
New highest: 78
New highest: 82
New highest: 85
New highest: 86

2344423531415323365674416336433665352536544323265216115635434215452543525362572644564446435613414454
Input = 2344423531415323365674416336433665352536544323265216115635434215452543525362572644564446435613414454
New highest: 23
New highest: 24
New highest: 25
New highest: 26
New highest: 27
New highest: 34
New highest: 35
New highest: 36
New highest: 37
New highest: 44
New highest: 45
New highest: 46
New highest: 47
New highest: 53
New highest: 54
New highest: 55
New highest: 56
New highest: 57
New highest: 65
New highest: 66
New highest: 67
New highest: 74
New highest: 76
New highest: 77

3433325442264133212641423426873374324266366623443747633354644343537742546433533434361331644232373245
Input = 3433325442264133212641423426873374324266366623443747633354644343537742546433533434361331644232373245
New highest: 34
New highest: 35
New highest: 36
New highest: 38
New highest: 43
New highest: 45
New highest: 46
New highest: 48
New highest: 54
New highest: 56
New highest: 58
New highest: 64
New highest: 66
New highest: 68
New highest: 87

2254244223533222222134542424764222122224225352234543633224422532474324232234242115363243422523342522
Input = 2254244223533222222134542424764222122224225352234543633224422532474324232234242115363243422523342522
New highest: 22
New highest: 25
New highest: 27
New highest: 54
New highest: 55
New highest: 57
New highest: 76
New highest: 77

7416828637345128812345271376757255835481783716186273472242481671666526273244614764157167775281326229
Input = 7416828637345128812345271376757255835481783716186273472242481671666526273244614764157167775281326229
New highest: 74
New highest: 76
New highest: 78
New highest: 79
New highest: 82
New highest: 88
New highest: 89

3354342767259694535333657467696136333254238755374454643457722464133263263245736343156323392645235252
Input = 3354342767259694535333657467696136333254238755374454643457722464133263263245736343156323392645235252
New highest: 33
New highest: 35
New highest: 37
New highest: 39
New highest: 54
New highest: 57
New highest: 59
New highest: 76
New highest: 77
New highest: 79
New highest: 96
New highest: 99

2642723233212334231142223422322236225353227272242232234634422431251242222223344424434773223313335152
Input = 2642723233212334231142223422322236225353227272242232234634422431251242222223344424434773223313335152
New highest: 26
New highest: 27
New highest: 64
New highest: 67
New highest: 72
New highest: 73
New highest: 74
New highest: 76
New highest: 77

4134551666245414412323214355453515546332543535212345233563611321456153622432323661446255536346344789
Input = 4134551666245414412323214355453515546332543535212345233563611321456153622432323661446255536346344789
New highest: 41
New highest: 43
New highest: 44
New highest: 45
New highest: 46
New highest: 47
New highest: 48
New highest: 49
New highest: 55
New highest: 56
New highest: 57
New highest: 58
New highest: 59
New highest: 66
New highest: 67
New highest: 68
New highest: 69
New highest: 78
New highest: 79
New highest: 89

6222225432225224211211283554321446133541551252521514622525123345222332227314643222222531314727342222
Input = 6222225432225224211211283554321446133541551252521514622525123345222332227314643222222531314727342222
New highest: 62
New highest: 65
New highest: 68
New highest: 83
New highest: 85
New highest: 86
New highest: 87

2228323523722385226422122215142933721423895833477228153322384385264644834155241223426335286123341243
Input = 2228323523722385226422122215142933721423895833477228153322384385264644834155241223426335286123341243
New highest: 22
New highest: 28
New highest: 29
New highest: 83
New highest: 85
New highest: 87
New highest: 88
New highest: 89
New highest: 93
New highest: 97
New highest: 98
New highest: 99

3422133231513233223133241232232223624341123232311222233112223332223214231222212212222233222132223322
Input = 3422133231513233223133241232232223624341123232311222233112223332223214231222212212222233222132223322
New highest: 34
New highest: 35
New highest: 36
New highest: 42
New highest: 43
New highest: 45
New highest: 46
New highest: 51
New highest: 53
New highest: 54
New highest: 56
New highest: 62
New highest: 64

3223215622213122211222122322222222224422212235212222231222222212213221211221212212213233213112221232
Input = 3223215622213122211222122322222222224422212235212222231222222212213221211221212212213233213112221232
New highest: 32
New highest: 33
New highest: 35
New highest: 36
New highest: 56
New highest: 62
New highest: 63
New highest: 64
New highest: 65

3224243242233532434322424444332453444244235334423423232434543244442342344344434544244212242524313324
Input = 3224243242233532434322424444332453444244235334423423232434543244442342344344434544244212242524313324
New highest: 32
New highest: 34
New highest: 35
New highest: 42
New highest: 44
New highest: 45
New highest: 53
New highest: 54
New highest: 55

2222122341322212222223223213312212813312522242222222322221335122224221422223123322333421222132422212
Input = 2222122341322212222223223213312212813312522242222222322221335122224221422223123322333421222132422212
New highest: 22
New highest: 23
New highest: 24
New highest: 28
New highest: 34
New highest: 38
New highest: 41
New highest: 43
New highest: 48
New highest: 81
New highest: 83
New highest: 85

7367756444653576685622297767274774455555367782771388566565879281285686272758528442226456684774675224
Input = 7367756444653576685622297767274774455555367782771388566565879281285686272758528442226456684774675224
New highest: 73
New highest: 76
New highest: 77
New highest: 78
New highest: 79
New highest: 85
New highest: 86
New highest: 89
New highest: 97
New highest: 98
New highest: 99

4523313423434331232222332323333332233434443341341364333312342334313333322333323338342331332324334746
Input = 4523313423434331232222332323333332233434443341341364333312342334313333322333323338342331332324334746
New highest: 45
New highest: 46
New highest: 48
New highest: 52
New highest: 53
New highest: 54
New highest: 56
New highest: 58
New highest: 64
New highest: 68
New highest: 83
New highest: 84
New highest: 87

3554349243312335222634334333535331612445436321852254235135223232534563145333625551653332233558232333
Input = 3554349243312335222634334333535331612445436321852254235135223232534563145333625551653332233558232333
New highest: 35
New highest: 39
New highest: 55
New highest: 59
New highest: 92
New highest: 94
New highest: 95
New highest: 96
New highest: 98

5443562757664375145583357346556145435548265564455355755457426647844555666365484557355236465593454664
Input = 5443562757664375145583357346556145435548265564455355755457426647844555666365484557355236465593454664
New highest: 54
New highest: 55
New highest: 56
New highest: 57
New highest: 58
New highest: 59
New highest: 62
New highest: 67
New highest: 68
New highest: 69
New highest: 75
New highest: 77
New highest: 78
New highest: 79
New highest: 83
New highest: 85
New highest: 87
New highest: 88
New highest: 89
New highest: 93
New highest: 94
New highest: 95
New highest: 96

1542231222222332222612212222212212242222222232223222212121222923221212227332232322212235213222222232
Input = 1542231222222332222612212222212212242222222232223222212121222923221212227332232322212235213222222232
New highest: 15
New highest: 16
New highest: 19
New highest: 54
New highest: 56
New highest: 59
New highest: 61
New highest: 62
New highest: 64
New highest: 69
New highest: 92
New highest: 93
New highest: 97

3921463432434353253436547534244535363423223632566373333623354313214336432664122333345354385353344116
Input = 3921463432434353253436547534244535363423223632566373333623354313214336432664122333345354385353344116
New highest: 39
New highest: 92
New highest: 94
New highest: 96
New highest: 97
New highest: 98

4423347247473626465182435422322828235553313123584561363224322317354238346432531241327222238324343426
Input = 4423347247473626465182435422322828235553313123584561363224322317354238346432531241327222238324343426
New highest: 44
New highest: 47
New highest: 48
New highest: 72
New highest: 74
New highest: 77
New highest: 78
New highest: 82
New highest: 84
New highest: 85
New highest: 88

5332242431232412223422312326222252221153323442323326223232425134442222344722421242121221612342222342
Input = 5332242431232412223422312326222252221153323442323326223232425134442222344722421242121221612342222342
New highest: 53
New highest: 54
New highest: 56
New highest: 57
New highest: 62
New highest: 65
New highest: 66
New highest: 67
New highest: 72
New highest: 74
New highest: 76

3553143446543343374433358293446645542476147382494745533634333454245844444833345455433543927354459733
Input = 3553143446543343374433358293446645542476147382494745533634333454245844444833345455433543927354459733
New highest: 35
New highest: 36
New highest: 37
New highest: 38
New highest: 39
New highest: 55
New highest: 56
New highest: 57
New highest: 58
New highest: 59
New highest: 65
New highest: 67
New highest: 68
New highest: 69
New highest: 74
New highest: 75
New highest: 78
New highest: 79
New highest: 82
New highest: 89
New highest: 93
New highest: 94
New highest: 96
New highest: 97
New highest: 98
New highest: 99

7446677431564345156165326478334467656665667638634659522953556636337226265546526842137726966668686886
Input = 7446677431564345156165326478334467656665667638634659522953556636337226265546526842137726966668686886
New highest: 74
New highest: 76
New highest: 77
New highest: 78
New highest: 79
New highest: 83
New highest: 84
New highest: 86
New highest: 87
New highest: 88
New highest: 89
New highest: 95
New highest: 99

5354532557536443799635474854765647777555648751766232338344583646963276518567333266434448768344673335
Input = 5354532557536443799635474854765647777555648751766232338344583646963276518567333266434448768344673335
New highest: 53
New highest: 55
New highest: 57
New highest: 59
New highest: 75
New highest: 76
New highest: 77
New highest: 79
New highest: 99

8875576976428467897439359854855678576592675983997869996766458536766698779484389656968578698855669899
Input = 8875576976428467897439359854855678576592675983997869996766458536766698779484389656968578698855669899
New highest: 88
New highest: 89
New highest: 97
New highest: 98
New highest: 99

2912222122232324222226221143122332121232412222213212232152223234122724222213463121614422224242225122
Input = 2912222122232324222226221143122332121232412222213212232152223234122724222213463121614422224242225122
New highest: 29
New highest: 91
New highest: 92
New highest: 93
New highest: 94
New highest: 96
New highest: 97

4471333233454324354344414343347344336343414234434723334382347324133345333421644313447143644244644432
Input = 4471333233454324354344414343347344336343414234434723334382347324133345333421644313447143644244644432
New highest: 44
New highest: 47
New highest: 48
New highest: 71
New highest: 73
New highest: 74
New highest: 75
New highest: 77
New highest: 78
New highest: 82
New highest: 83
New highest: 84
New highest: 87

3412422431212252523234424122432342211435224222422122222144512212242233223225122111342222242224323322
Input = 3412422431212252523234424122432342211435224222422122222144512212242233223225122111342222242224323322
New highest: 34
New highest: 35
New highest: 41
New highest: 42
New highest: 44
New highest: 45
New highest: 52
New highest: 55

3123422422222252222182322213232122222332442222222221221124232122282223221222222442322321212222212232
Input = 3123422422222252222182322213232122222332442222222221221124232122282223221222222442322321212222212232
New highest: 31
New highest: 32
New highest: 33
New highest: 34
New highest: 35
New highest: 38
New highest: 42
New highest: 44
New highest: 45
New highest: 48
New highest: 52
New highest: 58
New highest: 82
New highest: 83
New highest: 84
New highest: 88

5422326643542245242122222272632321542246221222226512322242121231425211342522222522452441532323546321
Input = 5422326643542245242122222272632321542246221222226512322242121231425211342522222522452441532323546321
New highest: 54
New highest: 56
New highest: 57
New highest: 66
New highest: 67
New highest: 72
New highest: 76

1212363528222221232223212233222122472252213252521232252252321322225112112322232221322132322134322121
Input = 1212363528222221232223212233222122472252213252521232252252321322225112112322232221322132322134322121
New highest: 12
New highest: 13
New highest: 16
New highest: 18
New highest: 21
New highest: 22
New highest: 23
New highest: 26
New highest: 28
New highest: 36
New highest: 38
New highest: 63
New highest: 65
New highest: 68
New highest: 82
New highest: 83
New highest: 84
New highest: 87

5822123451221521232214126622552122242542123312224332327123243835255262543121533272241223434422422323
Input = 5822123451221521232214126622552122242542123312224332327123243835255262543121533272241223434422422323
New highest: 58
New highest: 82
New highest: 83
New highest: 84
New highest: 85
New highest: 86
New highest: 87
New highest: 88

3232334333674533549432674137262333537735635235252322317436533632523372236423733323632236875963255437
Input = 3232334333674533549432674137262333537735635235252322317436533632523372236423733323632236875963255437
New highest: 32
New highest: 33
New highest: 34
New highest: 36
New highest: 37
New highest: 39
New highest: 43
New highest: 46
New highest: 47
New highest: 49
New highest: 67
New highest: 69
New highest: 74
New highest: 75
New highest: 79
New highest: 94
New highest: 96
New highest: 97
New highest: 98
New highest: 99

6273332634772216436653553827352935462474334636639539125742664396451862379335616486554426223332348727
Input = 6273332634772216436653553827352935462474334636639539125742664396451862379335616486554426223332348727
New highest: 62
New highest: 67
New highest: 68
New highest: 69
New highest: 73
New highest: 76
New highest: 77
New highest: 78
New highest: 79
New highest: 82
New highest: 87
New highest: 89
New highest: 93
New highest: 95
New highest: 96
New highest: 97
New highest: 99

2212222221222222222222112211222424221122122224232122122244131223231132222222222222222222222122221222
Input = 2212222221222222222222112211222424221122122224232122122244131223231132222222222222222222222122221222
New highest: 22
New highest: 24
New highest: 42
New highest: 44

2224212221323121443113221122522313322222221331631222422123222422224384221232223241124221323212126225
Input = 2224212221323121443113221122522313322222221331631222422123222422224384221232223241124221323212126225
New highest: 22
New highest: 24
New highest: 25
New highest: 26
New highest: 28
New highest: 42
New highest: 43
New highest: 44
New highest: 45
New highest: 46
New highest: 48
New highest: 52
New highest: 53
New highest: 56
New highest: 58
New highest: 63
New highest: 64
New highest: 68
New highest: 84
New highest: 86

3294385374644624373853643362443494344343364577434653152744239464433486851332349324534393836233474642
Input = 3294385374644624373853643362443494344343364577434653152744239464433486851332349324534393836233474642
New highest: 32
New highest: 39
New highest: 94
New highest: 98
New highest: 99

3273235323312533322423353131333323241323271223323232333322213433112333322224233231122333423253522324
Input = 3273235323312533322423353131333323241323271223323232333322213433112333322224233231122333423253522324
New highest: 32
New highest: 37
New highest: 73
New highest: 75
New highest: 77

1244423333322233223235235323234233334363333333233474453352225333423322234232332233323233333333233323
Input = 1244423333322233223235235323234233334363333333233474453352225333423322234232332233323233333333233323
New highest: 12
New highest: 14
New highest: 15
New highest: 16
New highest: 17
New highest: 24
New highest: 25
New highest: 26
New highest: 27
New highest: 44
New highest: 45
New highest: 46
New highest: 47
New highest: 52
New highest: 53
New highest: 55
New highest: 56
New highest: 57
New highest: 63
New highest: 64
New highest: 67
New highest: 74
New highest: 75

4674556453665334326164532656563634435424443534343455344832623434633443634435415465344543435443442353
Input = 4674556453665334326164532656563634435424443534343455344832623434633443634435415465344543435443442353
New highest: 46
New highest: 47
New highest: 48
New highest: 67
New highest: 68
New highest: 74
New highest: 75
New highest: 76
New highest: 78
New highest: 83
New highest: 86

3441224265212321235534442343443454441232123223413322542214334353343366543413424453234244223442334242
Input = 3441224265212321235534442343443454441232123223413322542214334353343366543413424453234244223442334242
New highest: 34
New highest: 36
New highest: 44
New highest: 46
New highest: 65
New highest: 66

1321222123222132222221225211222242221222212322222222222331223321525242223232322221222122312212333242
Input = 1321222123222132222221225211222242221222212322222222222331223321525242223232322221222122312212333242
New highest: 13
New highest: 15
New highest: 32
New highest: 33
New highest: 35
New highest: 52
New highest: 54
New highest: 55

3212222422222222211222222322132222222222312222421122212421322352221213221123122211321223723212233232
Input = 3212222422222222211222222322132222222222312222421122212421322352221213221123122211321223723212233232
New highest: 32
New highest: 34
New highest: 35
New highest: 37
New highest: 42
New highest: 43
New highest: 44
New highest: 45
New highest: 47
New highest: 52
New highest: 53
New highest: 57
New highest: 72
New highest: 73

2222231221512223222221122222221322222222224212122222222222222122222122232122122222222112234228222212
Input = 2222231221512223222221122222221322222222224212122222222222222122222122232122122222222112234228222212
New highest: 22
New highest: 23
New highest: 25
New highest: 28
New highest: 31
New highest: 32
New highest: 35
New highest: 38
New highest: 51
New highest: 52
New highest: 53
New highest: 54
New highest: 58
New highest: 82

5745127246656354258454752676611822326658657444666273665255336326476424623442564676773562325567776761
Input = 5745127246656354258454752676611822326658657444666273665255336326476424623442564676773562325567776761
New highest: 57
New highest: 58
New highest: 74
New highest: 75
New highest: 77
New highest: 78
New highest: 84
New highest: 85
New highest: 87
New highest: 88

2234345254543472364236535652232322243431542451326722423432353244325426322324362232239224754123321353
Input = 2234345254543472364236535652232322243431542451326722423432353244325426322324362232239224754123321353
New highest: 22
New highest: 23
New highest: 24
New highest: 25
New highest: 27
New highest: 29
New highest: 34
New highest: 35
New highest: 37
New highest: 39
New highest: 43
New highest: 44
New highest: 45
New highest: 47
New highest: 49
New highest: 52
New highest: 55
New highest: 57
New highest: 59
New highest: 72
New highest: 73
New highest: 76
New highest: 77
New highest: 79
New highest: 92
New highest: 94
New highest: 97

5311474353345337334323253357343334153332313242123235333533247333223223444223272363533336621352323364
Input = 5311474353345337334323253357343334153332313242123235333533247333223223444223272363533336621352323364
New highest: 53
New highest: 54
New highest: 57
New highest: 74
New highest: 75
New highest: 77

2113321622353266323322337212258272559612637563223212222122323524122223231223433433223251542744472224
Input = 2113321622353266323322337212258272559612637563223212222122323524122223231223433433223251542744472224
New highest: 21
New highest: 23
New highest: 26
New highest: 27
New highest: 28
New highest: 29
New highest: 33
New highest: 36
New highest: 37
New highest: 38
New highest: 39
New highest: 62
New highest: 63
New highest: 65
New highest: 66
New highest: 67
New highest: 68
New highest: 69
New highest: 72
New highest: 75
New highest: 78
New highest: 79
New highest: 82
New highest: 87
New highest: 89
New highest: 96
New highest: 97

2222414441224345244433322212544342444333132413533622441534143243232433242625254243433385231332255231
Input = 2222414441224345244433322212544342444333132413533622441534143243232433242625254243433385231332255231
New highest: 22
New highest: 24
New highest: 25
New highest: 26
New highest: 28
New highest: 41
New highest: 44
New highest: 45
New highest: 46
New highest: 48
New highest: 52
New highest: 54
New highest: 55
New highest: 56
New highest: 58
New highest: 62
New highest: 64
New highest: 65
New highest: 66
New highest: 68
New highest: 85

end
Final answer: 16946
